$ (cwd=/tmp/asan_pair19_a2_vulnerable_2z5rs9t2) cargo +nightly test --lib -- --nocapture

   Compiling pair19_a2_vulnerable v0.1.0 (/tmp/asan_pair19_a2_vulnerable_2z5rs9t2)
    Finished `test` profile [unoptimized + debuginfo] target(s) in 0.19s
     Running unittests src/lib.rs (target/debug/deps/pair19_a2_vulnerable-79207584239c7d9a)

running 1 test

thread 'tests::test_deep_nested_input' (4022640) panicked at src/lib.rs:77:17:
Expected failure due to recursion depth limit.
note: run with `RUST_BACKTRACE=1` environment variable to display a backtrace
test tests::test_deep_nested_input ... FAILED

failures:

failures:
    tests::test_deep_nested_input

test result: FAILED. 0 passed; 1 failed; 0 ignored; 0 measured; 0 filtered out; finished in 0.00s

error: test failed, to rerun pass `--lib`
