$ (cwd=/tmp/asan_pair4_a2_vulnerable_ln_wiwl0) cargo +nightly test --lib -- --nocapture

   Compiling pair4_a2_vulnerable v0.1.0 (/tmp/asan_pair4_a2_vulnerable_ln_wiwl0)
    Finished `test` profile [unoptimized + debuginfo] target(s) in 0.18s
     Running unittests src/lib.rs (target/debug/deps/pair4_a2_vulnerable-9e6354fa1239a53c)

running 1 test

thread 'tests::test_oracle' (3859889) panicked at src/lib.rs:43:9:
assertion `left == right` failed: Buffer length should be 17 bytes
  left: 16
 right: 17
note: run with `RUST_BACKTRACE=1` environment variable to display a backtrace
test tests::test_oracle ... FAILED

failures:

failures:
    tests::test_oracle

test result: FAILED. 0 passed; 1 failed; 0 ignored; 0 measured; 0 filtered out; finished in 0.00s

error: test failed, to rerun pass `--lib`
