$ (cwd=/tmp/asan_pair13_a3_vulnerable_gohhp2j0) cargo +nightly test --lib -- --nocapture

   Compiling pair13_a3_vulnerable v0.1.0 (/tmp/asan_pair13_a3_vulnerable_gohhp2j0)
    Finished `test` profile [unoptimized + debuginfo] target(s) in 0.27s
     Running unittests src/lib.rs (target/debug/deps/pair13_a3_vulnerable-812b5189f2c828cf)

running 1 test

thread 'tests::test_excessive_nesting' (4188016) panicked at src/lib.rs:93:32:
Test failed: Expected an error due to recursion depth; returned value 1501
note: run with `RUST_BACKTRACE=1` environment variable to display a backtrace
test tests::test_excessive_nesting ... FAILED

failures:

failures:
    tests::test_excessive_nesting

test result: FAILED. 0 passed; 1 failed; 0 ignored; 0 measured; 0 filtered out; finished in 0.01s

error: test failed, to rerun pass `--lib`
