$ (cwd=/tmp/asan_pair5_vulnerable_o8h159dn) cargo +nightly test --lib -- --nocapture

   Compiling pair5_vulnerable v0.1.0 (/tmp/asan_pair5_vulnerable_o8h159dn)
    Finished `test` profile [unoptimized + debuginfo] target(s) in 0.24s
     Running unittests src/lib.rs (target/debug/deps/pair5_vulnerable-55a9c05667f33897)

running 1 test

thread 'tests::test_overflow' (3459855) panicked at src/lib.rs:51:9:
Expected an overflow error, but got Ok(705032704)
note: run with `RUST_BACKTRACE=1` environment variable to display a backtrace
test tests::test_overflow ... FAILED

failures:

failures:
    tests::test_overflow

test result: FAILED. 0 passed; 1 failed; 0 ignored; 0 measured; 0 filtered out; finished in 0.00s

error: test failed, to rerun pass `--lib`
