$ (cwd=/tmp/asan_pair7_a3_vulnerable_r_zwzi2t) cargo +nightly test --lib -- --nocapture

   Compiling pair7_a3_vulnerable v0.1.0 (/tmp/asan_pair7_a3_vulnerable_r_zwzi2t)
    Finished `test` profile [unoptimized + debuginfo] target(s) in 0.20s
     Running unittests src/lib.rs (target/debug/deps/pair7_a3_vulnerable-35e9621fac7ca399)

running 1 test

thread 'tests::test_debit_underflow' (4155608) panicked at src/lib.rs:65:9:
Operation should fail due to insufficient funds
note: run with `RUST_BACKTRACE=1` environment variable to display a backtrace
test tests::test_debit_underflow ... FAILED

failures:

failures:
    tests::test_debit_underflow

test result: FAILED. 0 passed; 1 failed; 0 ignored; 0 measured; 0 filtered out; finished in 0.00s

error: test failed, to rerun pass `--lib`
