$ (cwd=/tmp/asan_pair2_a1_vulnerable_xu39rq04) cargo +nightly test --lib -- --nocapture

   Compiling pair2_a1_vulnerable v0.1.0 (/tmp/asan_pair2_a1_vulnerable_xu39rq04)
    Finished `test` profile [unoptimized + debuginfo] target(s) in 0.24s
     Running unittests src/lib.rs (target/debug/deps/pair2_a1_vulnerable-1715f764c6eee881)

running 1 test

thread 'tests::test_sentinel_invariant' (3724435) panicked at src/lib.rs:69:9:
assertion `left == right` failed: Sentinel was corrupted by out-of-bound write
  left: 170
 right: 0
note: run with `RUST_BACKTRACE=1` environment variable to display a backtrace
test tests::test_sentinel_invariant ... FAILED

failures:

failures:
    tests::test_sentinel_invariant

test result: FAILED. 0 passed; 1 failed; 0 ignored; 0 measured; 0 filtered out; finished in 0.00s

error: test failed, to rerun pass `--lib`
