$ (cwd=/tmp/asan_pair5_a3_vulnerable_8wqxgkzz) cargo +nightly test --lib -- --nocapture

   Compiling pair5_a3_vulnerable v0.1.0 (/tmp/asan_pair5_a3_vulnerable_8wqxgkzz)
    Finished `test` profile [unoptimized + debuginfo] target(s) in 0.18s
     Running unittests src/lib.rs (target/debug/deps/pair5_a3_vulnerable-a5b34d13e0f6ea0f)

running 1 test

thread 'tests::test_resource_safety' (4166165) panicked at src/lib.rs:21:13:
double free detected
note: run with `RUST_BACKTRACE=1` environment variable to display a backtrace

thread 'tests::test_resource_safety' (4166165) panicked at src/lib.rs:54:9:
Test failed: execution panicked due to a double free vulnerability
test tests::test_resource_safety ... FAILED

failures:

failures:
    tests::test_resource_safety

test result: FAILED. 0 passed; 1 failed; 0 ignored; 0 measured; 0 filtered out; finished in 0.00s

error: test failed, to rerun pass `--lib`
