$ (cwd=/tmp/asan_pair14_a3_vulnerable_77cj_g7i) cargo +nightly test --lib -- --nocapture

   Compiling pair14_a3_vulnerable v0.1.0 (/tmp/asan_pair14_a3_vulnerable_77cj_g7i)
    Finished `test` profile [unoptimized + debuginfo] target(s) in 0.27s
     Running unittests src/lib.rs (target/debug/deps/pair14_a3_vulnerable-4ae099670bd0dcec)

running 1 test

thread 'tests::sum_oracle' (4158124) panicked at src/lib.rs:49:13:
attempt to add with overflow
note: run with `RUST_BACKTRACE=1` environment variable to display a backtrace
test tests::sum_oracle ... FAILED

failures:

failures:
    tests::sum_oracle

test result: FAILED. 0 passed; 1 failed; 0 ignored; 0 measured; 0 filtered out; finished in 0.00s

error: test failed, to rerun pass `--lib`
