$ (cwd=/tmp/asan_pair8_a2_vulnerable_smc60fjx) cargo +nightly test --lib -- --nocapture

   Compiling pair8_a2_vulnerable v0.1.0 (/tmp/asan_pair8_a2_vulnerable_smc60fjx)
    Finished `test` profile [unoptimized + debuginfo] target(s) in 0.20s
     Running unittests src/lib.rs (target/debug/deps/pair8_a2_vulnerable-5b16dbca7eb3baa1)

running 1 test

thread 'tests::test_bounds_check' (3992191) panicked at src/lib.rs:53:17:
Test failed: Expected error for out-of-bound update, got Ok with value 0
note: run with `RUST_BACKTRACE=1` environment variable to display a backtrace
test tests::test_bounds_check ... FAILED

failures:

failures:
    tests::test_bounds_check

test result: FAILED. 0 passed; 1 failed; 0 ignored; 0 measured; 0 filtered out; finished in 0.00s

error: test failed, to rerun pass `--lib`
