$ (cwd=/tmp/asan_pair9_a3_vulnerable_1ict3e8o) cargo +nightly test --lib -- --nocapture

   Compiling pair9_a3_vulnerable v0.1.0 (/tmp/asan_pair9_a3_vulnerable_1ict3e8o)
    Finished `test` profile [unoptimized + debuginfo] target(s) in 0.18s
     Running unittests src/lib.rs (target/debug/deps/pair9_a3_vulnerable-d26d9e89b14881cf)

running 1 test

thread 'tests::test_prevent_underflow' (4156164) panicked at src/lib.rs:15:20:
attempt to subtract with overflow
note: run with `RUST_BACKTRACE=1` environment variable to display a backtrace
test tests::test_prevent_underflow ... FAILED

failures:

failures:
    tests::test_prevent_underflow

test result: FAILED. 0 passed; 1 failed; 0 ignored; 0 measured; 0 filtered out; finished in 0.00s

error: test failed, to rerun pass `--lib`
