$ (cwd=/tmp/asan_pair4_a3_vulnerable_2x2ytn7v) cargo +nightly test --lib -- --nocapture

   Compiling pair4_a3_vulnerable v0.1.0 (/tmp/asan_pair4_a3_vulnerable_2x2ytn7v)
    Finished `test` profile [unoptimized + debuginfo] target(s) in 0.20s
     Running unittests src/lib.rs (target/debug/deps/pair4_a3_vulnerable-d0cbb8f68f205ace)

running 1 test

thread 'tests::test_saturation' (4154843) panicked at src/lib.rs:44:9:
assertion `left == right` failed: Counter did not saturate to zero as expected
  left: 4294967246
 right: 0
note: run with `RUST_BACKTRACE=1` environment variable to display a backtrace
test tests::test_saturation ... FAILED

failures:

failures:
    tests::test_saturation

test result: FAILED. 0 passed; 1 failed; 0 ignored; 0 measured; 0 filtered out; finished in 0.00s

error: test failed, to rerun pass `--lib`
