$ (cwd=/tmp/asan_pair5_vulnerable_t6d_vfxl) cargo +nightly test --lib -- --nocapture

   Compiling pair5_vulnerable v0.1.0 (/tmp/asan_pair5_vulnerable_t6d_vfxl)
    Finished `test` profile [unoptimized + debuginfo] target(s) in 0.28s
     Running unittests src/lib.rs (target/debug/deps/pair5_vulnerable-55a9c05667f33897)

running 1 test

thread 'tests::oracle' (3518110) panicked at src/lib.rs:85:9:
assertion `left == right` failed: Final counter value is not as expected
  left: 3980
 right: 4000
note: run with `RUST_BACKTRACE=1` environment variable to display a backtrace
test tests::oracle ... FAILED

failures:

failures:
    tests::oracle

test result: FAILED. 0 passed; 1 failed; 0 ignored; 0 measured; 0 filtered out; finished in 0.01s

error: test failed, to rerun pass `--lib`
