$ (cwd=/tmp/asan_pair8_a3_vulnerable_923g_w8h) cargo +nightly test --lib -- --nocapture

   Compiling pair8_a3_vulnerable v0.1.0 (/tmp/asan_pair8_a3_vulnerable_923g_w8h)
    Finished `test` profile [unoptimized + debuginfo] target(s) in 0.26s
     Running unittests src/lib.rs (target/debug/deps/pair8_a3_vulnerable-42c8a2750bfc9449)

running 2 tests

thread 'tests::test_config_integrity' (10986) panicked at src/lib.rs:53:9:
Configuration 'valid' flag is not properly initialized!
note: run with `RUST_BACKTRACE=1` environment variable to display a backtrace
test tests::test_config_integrity ... FAILED

thread 'tests::test_thread_results' (10987) panicked at src/lib.rs:61:13:
assertion `left == right` failed: Thread computation produced an unexpected result
  left: 0
 right: 43
test tests::test_thread_results ... FAILED

failures:

failures:
    tests::test_config_integrity
    tests::test_thread_results

test result: FAILED. 0 passed; 2 failed; 0 ignored; 0 measured; 0 filtered out; finished in 0.00s

error: test failed, to rerun pass `--lib`
