$ (cwd=/tmp/asan_pair8_a2_vulnerable_pux_fzjr) cargo +nightly test --lib -- --nocapture

   Compiling pair8_a2_vulnerable v0.1.0 (/tmp/asan_pair8_a2_vulnerable_pux_fzjr)
    Finished `test` profile [unoptimized + debuginfo] target(s) in 0.26s
     Running unittests src/lib.rs (target/debug/deps/pair8_a2_vulnerable-5b16dbca7eb3baa1)

running 1 test

thread 'tests::test_initialization' (4100341) panicked at src/lib.rs:82:9:
assertion `left == right` failed: Race condition error: initialization count is 10, expected 1
  left: 10
 right: 1
note: run with `RUST_BACKTRACE=1` environment variable to display a backtrace
test tests::test_initialization ... FAILED

failures:

failures:
    tests::test_initialization

test result: FAILED. 0 passed; 1 failed; 0 ignored; 0 measured; 0 filtered out; finished in 0.02s

error: test failed, to rerun pass `--lib`
