$ (cwd=/tmp/asan_pair3_a1_vulnerable_fb6vdowa) cargo +nightly test --lib -- --nocapture

   Compiling pair3_a1_vulnerable v0.1.0 (/tmp/asan_pair3_a1_vulnerable_fb6vdowa)
    Finished `test` profile [unoptimized + debuginfo] target(s) in 0.19s
     Running unittests src/lib.rs (target/debug/deps/pair3_a1_vulnerable-59222f2d75d14c44)

running 1 test

thread 'tests::resource_management_test' (3807899) panicked at src/lib.rs:16:9:
Double free detected!
note: run with `RUST_BACKTRACE=1` environment variable to display a backtrace

thread 'tests::resource_management_test' (3807899) panicked at src/lib.rs:47:9:
Test failed: the process triggered a double free panic!
test tests::resource_management_test ... FAILED

failures:

failures:
    tests::resource_management_test

test result: FAILED. 0 passed; 1 failed; 0 ignored; 0 measured; 0 filtered out; finished in 0.00s

error: test failed, to rerun pass `--lib`
