$ (cwd=/tmp/asan_pair18_vulnerable_z6b45i27) cargo +nightly test --lib -- --nocapture

   Compiling pair18_vulnerable v0.1.0 (/tmp/asan_pair18_vulnerable_z6b45i27)
    Finished `test` profile [unoptimized + debuginfo] target(s) in 0.24s
     Running unittests src/lib.rs (target/debug/deps/pair18_vulnerable-bdaccf112456475f)

running 1 test

thread '<unnamed>' (3463125) panicked at src/lib.rs:17:20:
attempt to subtract with overflow
note: run with `RUST_BACKTRACE=1` environment variable to display a backtrace

thread 'tests::underflow_test' (3463124) panicked at src/lib.rs:30:20:
called `Result::unwrap()` on an `Err` value: Any { .. }
test tests::underflow_test ... ok

test result: ok. 1 passed; 0 failed; 0 ignored; 0 measured; 0 filtered out; finished in 0.00s

