$ (cwd=/tmp/asan_pair17_a2_fixed_uu89kvd5) cargo +nightly test --lib -- --nocapture

   Compiling pair17_a2_fixed v0.1.0 (/tmp/asan_pair17_a2_fixed_uu89kvd5)
    Finished `test` profile [unoptimized + debuginfo] target(s) in 0.28s
     Running unittests src/lib.rs (target/debug/deps/pair17_a2_fixed-68d7827daae24f5a)

running 1 test

thread 'tests::integration_oracle' (4016771) panicked at src/lib.rs:45:14:
Failed to execute binary: Os { code: 2, kind: NotFound, message: "No such file or directory" }
note: run with `RUST_BACKTRACE=1` environment variable to display a backtrace
test tests::integration_oracle ... FAILED

failures:

failures:
    tests::integration_oracle

test result: FAILED. 0 passed; 1 failed; 0 ignored; 0 measured; 0 filtered out; finished in 0.00s

error: test failed, to rerun pass `--lib`
