$ (cwd=/tmp/asan_pair17_a2_vulnerable_7_kal47o) cargo +nightly test --lib -- --nocapture

   Compiling pair17_a2_vulnerable v0.1.0 (/tmp/asan_pair17_a2_vulnerable_7_kal47o)
    Finished `test` profile [unoptimized + debuginfo] target(s) in 0.27s
     Running unittests src/lib.rs (target/debug/deps/pair17_a2_vulnerable-cd23029e6a478f9c)

running 1 test

thread 'tests::integration_oracle' (4016943) panicked at src/lib.rs:44:14:
Failed to execute binary: Os { code: 2, kind: NotFound, message: "No such file or directory" }
note: run with `RUST_BACKTRACE=1` environment variable to display a backtrace
test tests::integration_oracle ... FAILED

failures:

failures:
    tests::integration_oracle

test result: FAILED. 0 passed; 1 failed; 0 ignored; 0 measured; 0 filtered out; finished in 0.00s

error: test failed, to rerun pass `--lib`
