$ (cwd=/tmp/asan_pair8_vulnerable_k6t8dw1j) cargo +nightly test --lib -- --nocapture

   Compiling pair8_vulnerable v0.1.0 (/tmp/asan_pair8_vulnerable_k6t8dw1j)
    Finished `test` profile [unoptimized + debuginfo] target(s) in 0.25s
     Running unittests src/lib.rs (target/debug/deps/pair8_vulnerable-23975e7199656611)

running 1 test

thread 'tests::test_initialization' (3514115) panicked at src/lib.rs:77:9:
assertion `left == right` failed: Race condition error: initialization count is 10, expected 1
  left: 10
 right: 1
note: run with `RUST_BACKTRACE=1` environment variable to display a backtrace
test tests::test_initialization ... FAILED

failures:

failures:
    tests::test_initialization

test result: FAILED. 0 passed; 1 failed; 0 ignored; 0 measured; 0 filtered out; finished in 0.02s

error: test failed, to rerun pass `--lib`
