$ (cwd=/tmp/asan_pair4_a1_vulnerable_rdvgcliy) cargo +nightly test --lib -- --nocapture

   Compiling pair4_a1_vulnerable v0.1.0 (/tmp/asan_pair4_a1_vulnerable_rdvgcliy)
    Finished `test` profile [unoptimized + debuginfo] target(s) in 0.24s
     Running unittests src/lib.rs (target/debug/deps/pair4_a1_vulnerable-ee33d34a8cd7a580)

running 1 test

thread 'tests::test_oracle' (3835343) panicked at src/lib.rs:50:9:
assertion `left == right` failed: Expected the result to be 100, but got -1138098688
  left: -1138098688
 right: 100
note: run with `RUST_BACKTRACE=1` environment variable to display a backtrace
test tests::test_oracle ... FAILED

failures:

failures:
    tests::test_oracle

test result: FAILED. 0 passed; 1 failed; 0 ignored; 0 measured; 0 filtered out; finished in 0.00s

error: test failed, to rerun pass `--lib`
