$ (cwd=/tmp/asan_pair18_a2_vulnerable_1a5p7ugx) cargo +nightly test --lib -- --nocapture

   Compiling pair18_a2_vulnerable v0.1.0 (/tmp/asan_pair18_a2_vulnerable_1a5p7ugx)
    Finished `test` profile [unoptimized + debuginfo] target(s) in 0.23s
     Running unittests src/lib.rs (target/debug/deps/pair18_a2_vulnerable-68aa8f3e87b6faf1)

running 1 test

thread 'tests::underflow_test' (4000963) panicked at src/lib.rs:62:9:
Expected panic due to underflow, but operation completed normally
note: run with `RUST_BACKTRACE=1` environment variable to display a backtrace
test tests::underflow_test ... FAILED

failures:

failures:
    tests::underflow_test

test result: FAILED. 0 passed; 1 failed; 0 ignored; 0 measured; 0 filtered out; finished in 0.00s

error: test failed, to rerun pass `--lib`
