$ (cwd=/tmp/asan_pair11_a3_vulnerable_wd1p3go5) cargo +nightly test --lib -- --nocapture

   Compiling pair11_a3_vulnerable v0.1.0 (/tmp/asan_pair11_a3_vulnerable_wd1p3go5)
    Finished `test` profile [unoptimized + debuginfo] target(s) in 0.21s
     Running unittests src/lib.rs (target/debug/deps/pair11_a3_vulnerable-73a945536955b500)

running 1 test

thread 'tests::test_no_underflow' (4151524) panicked at src/lib.rs:73:17:
assertion `left == right` failed: Unexpected error message
  left: "Index out of bounds"
 right: "Input value too small, causes underflow"
note: run with `RUST_BACKTRACE=1` environment variable to display a backtrace
test tests::test_no_underflow ... FAILED

failures:

failures:
    tests::test_no_underflow

test result: FAILED. 0 passed; 1 failed; 0 ignored; 0 measured; 0 filtered out; finished in 0.00s

error: test failed, to rerun pass `--lib`
