$ (cwd=/tmp/asan_pair14_a3_vulnerable_v7f0omox) cargo +nightly test --lib -- --nocapture

   Compiling pair14_a3_vulnerable v0.1.0 (/tmp/asan_pair14_a3_vulnerable_v7f0omox)
    Finished `test` profile [unoptimized + debuginfo] target(s) in 0.21s
     Running unittests src/lib.rs (target/debug/deps/pair14_a3_vulnerable-4ae099670bd0dcec)

running 1 test

thread 'tests::test_recursion_limit' (4188308) panicked at src/lib.rs:74:9:
assertion `left == right` failed: Unexpected parsing outcome
  left: Ok(())
 right: Err("exceeded recursion limit")
note: run with `RUST_BACKTRACE=1` environment variable to display a backtrace
test tests::test_recursion_limit ... FAILED

failures:

failures:
    tests::test_recursion_limit

test result: FAILED. 0 passed; 1 failed; 0 ignored; 0 measured; 0 filtered out; finished in 0.00s

error: test failed, to rerun pass `--lib`
