$ (cwd=/tmp/asan_pair19_a3_vulnerable_ehryzc32) cargo +nightly test --lib -- --nocapture

   Compiling pair19_a3_vulnerable v0.1.0 (/tmp/asan_pair19_a3_vulnerable_ehryzc32)
    Finished `test` profile [unoptimized + debuginfo] target(s) in 0.17s
     Running unittests src/lib.rs (target/debug/deps/pair19_a3_vulnerable-63ebf05ed59d2ba9)

running 1 test

thread 'tests::memory_safety_test' (4170228) panicked at src/lib.rs:35:9:
assertion `left == right` failed: Test failed: memory value corrupted due to use‐after‐free vulnerability
  left: 9999
 right: 256
note: run with `RUST_BACKTRACE=1` environment variable to display a backtrace
test tests::memory_safety_test ... FAILED

failures:

failures:
    tests::memory_safety_test

test result: FAILED. 0 passed; 1 failed; 0 ignored; 0 measured; 0 filtered out; finished in 0.00s


=================================================================
==4170227==ERROR: LeakSanitizer: detected memory leaks

Direct leak of 4 byte(s) in 1 object(s) allocated from:
    #0 0x5caa42f85fc4  (/tmp/asan_pair19_a3_vulnerable_ehryzc32/target/debug/deps/pair19_a3_vulnerable-63ebf05ed59d2ba9+0xf0fc4) (BuildId: 3535ce6ba97c904f0385952d9f8c4791bbf2889a)
    #1 0x5caa42fb55a3  (/tmp/asan_pair19_a3_vulnerable_ehryzc32/target/debug/deps/pair19_a3_vulnerable-63ebf05ed59d2ba9+0x1205a3) (BuildId: 3535ce6ba97c904f0385952d9f8c4791bbf2889a)
    #2 0x5caa42fb52a4  (/tmp/asan_pair19_a3_vulnerable_ehryzc32/target/debug/deps/pair19_a3_vulnerable-63ebf05ed59d2ba9+0x1202a4) (BuildId: 3535ce6ba97c904f0385952d9f8c4791bbf2889a)
    #3 0x5caa42fb5976  (/tmp/asan_pair19_a3_vulnerable_ehryzc32/target/debug/deps/pair19_a3_vulnerable-63ebf05ed59d2ba9+0x120976) (BuildId: 3535ce6ba97c904f0385952d9f8c4791bbf2889a)
    #4 0x5caa42fed404  (/tmp/asan_pair19_a3_vulnerable_ehryzc32/target/debug/deps/pair19_a3_vulnerable-63ebf05ed59d2ba9+0x158404) (BuildId: 3535ce6ba97c904f0385952d9f8c4791bbf2889a)
    #5 0x5caa42fc3e23  (/tmp/asan_pair19_a3_vulnerable_ehryzc32/target/debug/deps/pair19_a3_vulnerable-63ebf05ed59d2ba9+0x12ee23) (BuildId: 3535ce6ba97c904f0385952d9f8c4791bbf2889a)
    #6 0x5caa42fc7809  (/tmp/asan_pair19_a3_vulnerable_ehryzc32/target/debug/deps/pair19_a3_vulnerable-63ebf05ed59d2ba9+0x132809) (BuildId: 3535ce6ba97c904f0385952d9f8c4791bbf2889a)
    #7 0x5caa4300d42e  (/tmp/asan_pair19_a3_vulnerable_ehryzc32/target/debug/deps/pair19_a3_vulnerable-63ebf05ed59d2ba9+0x17842e) (BuildId: 3535ce6ba97c904f0385952d9f8c4791bbf2889a)
    #8 0x5caa42f83e86  (/tmp/asan_pair19_a3_vulnerable_ehryzc32/target/debug/deps/pair19_a3_vulnerable-63ebf05ed59d2ba9+0xeee86) (BuildId: 3535ce6ba97c904f0385952d9f8c4791bbf2889a)

SUMMARY: AddressSanitizer: 4 byte(s) leaked in 1 allocation(s).
error: test failed, to rerun pass `--lib`
