$ (cwd=/tmp/asan_pair14_a1_vulnerable_27_rtye7) cargo +nightly test --lib -- --nocapture

   Compiling pair14_a1_vulnerable v0.1.0 (/tmp/asan_pair14_a1_vulnerable_27_rtye7)
    Finished `test` profile [unoptimized + debuginfo] target(s) in 0.18s
     Running unittests src/lib.rs (target/debug/deps/pair14_a1_vulnerable-01ee7f88694fd235)

running 1 test

thread 'tests::test_out_of_bounds_update' (3828875) panicked at src/lib.rs:12:21:
index out of bounds: the len is 10 but the index is 10
note: run with `RUST_BACKTRACE=1` environment variable to display a backtrace
test tests::test_out_of_bounds_update ... FAILED

failures:

failures:
    tests::test_out_of_bounds_update

test result: FAILED. 0 passed; 1 failed; 0 ignored; 0 measured; 0 filtered out; finished in 0.00s

error: test failed, to rerun pass `--lib`
