$ (cwd=/tmp/asan_pair3_a3_vulnerable_rrv8v301) cargo +nightly test --lib -- --nocapture

   Compiling pair3_a3_vulnerable v0.1.0 (/tmp/asan_pair3_a3_vulnerable_rrv8v301)
    Finished `test` profile [unoptimized + debuginfo] target(s) in 0.24s
     Running unittests src/lib.rs (target/debug/deps/pair3_a3_vulnerable-7a64940f447852cd)

running 1 test

thread 'tests::test_counter_integrity' (34874) panicked at src/lib.rs:51:9:
assertion `left == right` failed: Final counter value should be 10000, indicating proper atomic updates.
  left: 3396
 right: 10000
note: run with `RUST_BACKTRACE=1` environment variable to display a backtrace
test tests::test_counter_integrity ... FAILED

failures:

failures:
    tests::test_counter_integrity

test result: FAILED. 0 passed; 1 failed; 0 ignored; 0 measured; 0 filtered out; finished in 0.00s

error: test failed, to rerun pass `--lib`
