$ (cwd=/tmp/asan_pair18_a2_vulnerable_8kph6y58) cargo +nightly test --lib -- --nocapture

   Compiling pair18_a2_vulnerable v0.1.0 (/tmp/asan_pair18_a2_vulnerable_8kph6y58)
error[E0433]: failed to resolve: use of undeclared type `Processor`
  --> src/lib.rs:50:25
   |
50 |         let processor = Processor::new(data);
   |                         ^^^^^^^^^ use of undeclared type `Processor`

error[E0282]: type annotations needed for `Arc<_, _>`
  --> src/lib.rs:53:13
   |
53 |         let proc_clone = Arc::clone(&proc_arc);
   |             ^^^^^^^^^^
...
57 |             proc_clone.extract(index)
   |                        ------- type must be known at this point
   |
help: consider giving `proc_clone` an explicit type, where the placeholders `_` are specified
   |
53 |         let proc_clone: Arc<T, A> = Arc::clone(&proc_arc);
   |                       +++++++++++

Some errors have detailed explanations: E0282, E0433.
For more information about an error, try `rustc --explain E0282`.
error: could not compile `pair18_a2_vulnerable` (lib test) due to 2 previous errors
