$ (cwd=/tmp/asan_pair12_a3_vulnerable_09rw2m3b) cargo +nightly test --lib -- --nocapture

   Compiling pair12_a3_vulnerable v0.1.0 (/tmp/asan_pair12_a3_vulnerable_09rw2m3b)
    Finished `test` profile [unoptimized + debuginfo] target(s) in 0.24s
     Running unittests src/lib.rs (target/debug/deps/pair12_a3_vulnerable-d4e8ca2b8143bc06)

running 1 test

thread 'tests::oracle_test' (4129273) panicked at src/lib.rs:66:9:
assertion `left == right` failed: Error: The adjacent field was unexpectedly modified.
  left: 255
 right: 0
note: run with `RUST_BACKTRACE=1` environment variable to display a backtrace
test tests::oracle_test ... FAILED

failures:

failures:
    tests::oracle_test

test result: FAILED. 0 passed; 1 failed; 0 ignored; 0 measured; 0 filtered out; finished in 0.00s

error: test failed, to rerun pass `--lib`
