$ (cwd=/tmp/asan_pair5_a3_vulnerable_vzsfi7dx) cargo +nightly test --lib -- --nocapture

   Compiling pair5_a3_vulnerable v0.1.0 (/tmp/asan_pair5_a3_vulnerable_vzsfi7dx)
    Finished `test` profile [unoptimized + debuginfo] target(s) in 0.24s
     Running unittests src/lib.rs (target/debug/deps/pair5_a3_vulnerable-a5b34d13e0f6ea0f)

running 1 test

thread 'tests::test_calculation' (4116263) panicked at src/lib.rs:59:9:
assertion `left == right` failed: Computed sum should be 10 for correct implementation
  left: 52
 right: 10
note: run with `RUST_BACKTRACE=1` environment variable to display a backtrace
test tests::test_calculation ... FAILED

failures:

failures:
    tests::test_calculation

test result: FAILED. 0 passed; 1 failed; 0 ignored; 0 measured; 0 filtered out; finished in 0.00s

error: test failed, to rerun pass `--lib`
