$ (cwd=/tmp/asan_pair18_a3_vulnerable_wry2uaco) cargo +nightly test --lib -- --nocapture

   Compiling pair18_a3_vulnerable v0.1.0 (/tmp/asan_pair18_a3_vulnerable_wry2uaco)
    Finished `test` profile [unoptimized + debuginfo] target(s) in 0.17s
     Running unittests src/lib.rs (target/debug/deps/pair18_a3_vulnerable-6b10e56d90f6bfe3)

running 1 test

thread 'tests::test_empty_input_handling' (4175336) panicked at src/lib.rs:30:17:
assertion `left == right` failed: Expected a 0 return value for empty input in the safe implementation
  left: 1
 right: 0
note: run with `RUST_BACKTRACE=1` environment variable to display a backtrace
test tests::test_empty_input_handling ... FAILED

failures:

failures:
    tests::test_empty_input_handling

test result: FAILED. 0 passed; 1 failed; 0 ignored; 0 measured; 0 filtered out; finished in 0.00s

error: test failed, to rerun pass `--lib`
