$ (cwd=/tmp/asan_pair15_vulnerable_sfer890v) cargo +nightly test --lib -- --nocapture

   Compiling pair15_vulnerable v0.1.0 (/tmp/asan_pair15_vulnerable_sfer890v)
    Finished `test` profile [unoptimized + debuginfo] target(s) in 0.25s
     Running unittests src/lib.rs (target/debug/deps/pair15_vulnerable-38277e6d74255afb)

running 1 test

thread '<unnamed>' (3462210) panicked at src/lib.rs:10:20:
attempt to subtract with overflow
note: run with `RUST_BACKTRACE=1` environment variable to display a backtrace

thread 'tests::contract_test' (3462209) panicked at src/lib.rs:45:23:
called `Result::unwrap()` on an `Err` value: Any { .. }
test tests::contract_test ... FAILED

failures:

failures:
    tests::contract_test

test result: FAILED. 0 passed; 1 failed; 0 ignored; 0 measured; 0 filtered out; finished in 0.00s

error: test failed, to rerun pass `--lib`
