$ (cwd=/tmp/asan_pair19_a2_vulnerable_6mnfykol) cargo +nightly test --lib -- --nocapture

   Compiling pair19_a2_vulnerable v0.1.0 (/tmp/asan_pair19_a2_vulnerable_6mnfykol)
    Finished `test` profile [unoptimized + debuginfo] target(s) in 0.20s
     Running unittests src/lib.rs (target/debug/deps/pair19_a2_vulnerable-79207584239c7d9a)

running 1 test

thread 'tests::test_computation' (3984756) panicked at src/lib.rs:61:9:
assertion `left == right` failed: The computed sum is incorrect
  left: 29
 right: 24
note: run with `RUST_BACKTRACE=1` environment variable to display a backtrace
test tests::test_computation ... FAILED

failures:

failures:
    tests::test_computation

test result: FAILED. 0 passed; 1 failed; 0 ignored; 0 measured; 0 filtered out; finished in 0.00s

error: test failed, to rerun pass `--lib`
