$ (cwd=/tmp/asan_pair7_a3_vulnerable_v9wy8916) cargo +nightly test --lib -- --nocapture

   Compiling pair7_a3_vulnerable v0.1.0 (/tmp/asan_pair7_a3_vulnerable_v9wy8916)
    Finished `test` profile [unoptimized + debuginfo] target(s) in 0.25s
     Running unittests src/lib.rs (target/debug/deps/pair7_a3_vulnerable-35e9621fac7ca399)

running 1 test

thread 'tests::test_final_count' (36112) panicked at src/lib.rs:57:9:
assertion `left == right` failed: The final count should be 10000
  left: 3485
 right: 10000
note: run with `RUST_BACKTRACE=1` environment variable to display a backtrace
test tests::test_final_count ... FAILED

failures:

failures:
    tests::test_final_count

test result: FAILED. 0 passed; 1 failed; 0 ignored; 0 measured; 0 filtered out; finished in 0.00s

error: test failed, to rerun pass `--lib`
