$ (cwd=/tmp/asan_pair20_a3_vulnerable_i_e9ltu3) cargo +nightly test --lib -- --nocapture

   Compiling pair20_a3_vulnerable v0.1.0 (/tmp/asan_pair20_a3_vulnerable_i_e9ltu3)
    Finished `test` profile [unoptimized + debuginfo] target(s) in 0.18s
     Running unittests src/lib.rs (target/debug/deps/pair20_a3_vulnerable-7aa0971434729ebe)

running 1 test

thread 'tests::oracle' (40241) panicked at src/lib.rs:56:5:
Authentication should fail for an invalid credential.
note: run with `RUST_BACKTRACE=1` environment variable to display a backtrace
test tests::oracle ... FAILED

failures:

failures:
    tests::oracle

test result: FAILED. 0 passed; 1 failed; 0 ignored; 0 measured; 0 filtered out; finished in 0.00s

error: test failed, to rerun pass `--lib`
