$ (cwd=/tmp/asan_pair12_a2_vulnerable_7c8amgr2) cargo +nightly test --lib -- --nocapture

   Compiling pair12_a2_vulnerable v0.1.0 (/tmp/asan_pair12_a2_vulnerable_7c8amgr2)
    Finished `test` profile [unoptimized + debuginfo] target(s) in 0.24s
     Running unittests src/lib.rs (target/debug/deps/pair12_a2_vulnerable-9b960453506fb765)

running 1 test

thread 'tests::test_counter_integrity' (4085944) panicked at src/lib.rs:51:9:
assertion `left == right` failed: Final counter value should be 10000, indicating proper atomic updates.
  left: 2916
 right: 10000
note: run with `RUST_BACKTRACE=1` environment variable to display a backtrace
test tests::test_counter_integrity ... FAILED

failures:

failures:
    tests::test_counter_integrity

test result: FAILED. 0 passed; 1 failed; 0 ignored; 0 measured; 0 filtered out; finished in 0.00s

error: test failed, to rerun pass `--lib`
