$ (cwd=/tmp/asan_pair11_a3_vulnerable_zaotd9ch) cargo +nightly test --lib -- --nocapture

   Compiling pair11_a3_vulnerable v0.1.0 (/tmp/asan_pair11_a3_vulnerable_zaotd9ch)
    Finished `test` profile [unoptimized + debuginfo] target(s) in 0.20s
     Running unittests src/lib.rs (target/debug/deps/pair11_a3_vulnerable-73a945536955b500)

running 1 test

thread 'tests::test_api_precondition' (4173513) panicked at src/lib.rs:40:9:
Expected an error due to out-of-bound access, but got: Ok(42)
note: run with `RUST_BACKTRACE=1` environment variable to display a backtrace
test tests::test_api_precondition ... FAILED

failures:

failures:
    tests::test_api_precondition

test result: FAILED. 0 passed; 1 failed; 0 ignored; 0 measured; 0 filtered out; finished in 0.00s

error: test failed, to rerun pass `--lib`
