$ (cwd=/tmp/asan_pair1_a3_vulnerable_40dvp0gu) cargo +nightly test --lib -- --nocapture

   Compiling pair1_a3_vulnerable v0.1.0 (/tmp/asan_pair1_a3_vulnerable_40dvp0gu)
    Finished `test` profile [unoptimized + debuginfo] target(s) in 0.28s
     Running unittests src/lib.rs (target/debug/deps/pair1_a3_vulnerable-78034ed2ab1e5da8)

running 1 test

thread '<unnamed>' (4156623) panicked at src/lib.rs:22:20:
index out of bounds: the len is 10 but the index is 10
note: run with `RUST_BACKTRACE=1` environment variable to display a backtrace

thread 'tests::test_accumulation' (4156612) panicked at src/lib.rs:26:27:
called `Result::unwrap()` on an `Err` value: Any { .. }
test tests::test_accumulation ... FAILED

failures:

failures:
    tests::test_accumulation

test result: FAILED. 0 passed; 1 failed; 0 ignored; 0 measured; 0 filtered out; finished in 0.00s

error: test failed, to rerun pass `--lib`
