$ (cwd=/tmp/asan_pair4_a2_vulnerable_72lfxoqe) cargo +nightly test --lib -- --nocapture

   Compiling pair4_a2_vulnerable v0.1.0 (/tmp/asan_pair4_a2_vulnerable_72lfxoqe)
    Finished `test` profile [unoptimized + debuginfo] target(s) in 0.25s
     Running unittests src/lib.rs (target/debug/deps/pair4_a2_vulnerable-9e6354fa1239a53c)

running 1 test

thread 'tests::oracle_test' (4029406) panicked at /rustc/fa3155a644dd62e865825087b403646be01d4cef/library/core/src/iter/traits/accum.rs:204:1:
attempt to add with overflow
note: run with `RUST_BACKTRACE=1` environment variable to display a backtrace
test tests::oracle_test ... FAILED

failures:

failures:
    tests::oracle_test

test result: FAILED. 0 passed; 1 failed; 0 ignored; 0 measured; 0 filtered out; finished in 0.00s

error: test failed, to rerun pass `--lib`
