
running 1 test
test tests::test_out_of_bounds_update ... FAILED

failures:

---- tests::test_out_of_bounds_update stdout ----

thread 'tests::test_out_of_bounds_update' (645033) panicked at /home/ikqnm/PycharmProjects/rudra_sandbox/rudra_big/rudra_big/src/dataset/o3_mini/data_generation/CWE-119/pair16/vulnerable.rs:47:9:
assertion `left == right` failed
  left: Ok(())
 right: Err("index out of bounds")
note: run with `RUST_BACKTRACE=1` environment variable to display a backtrace


failures:
    tests::test_out_of_bounds_update

test result: FAILED. 0 passed; 1 failed; 0 ignored; 0 measured; 0 filtered out; finished in 0.00s

