
running 1 test
test tests::test_memory_bounds ... FAILED

failures:

---- tests::test_memory_bounds stdout ----

thread 'tests::test_memory_bounds' (643708) panicked at /home/ikqnm/PycharmProjects/rudra_sandbox/rudra_big/rudra_big/src/dataset/o3_mini/data_generation/CWE-119/pair1/vulnerable.rs:38:9:
Expected an error when attempting an out-of-bound write
note: run with `RUST_BACKTRACE=1` environment variable to display a backtrace


failures:
    tests::test_memory_bounds

test result: FAILED. 0 passed; 1 failed; 0 ignored; 0 measured; 0 filtered out; finished in 0.00s

