
running 1 test
test tests::check_buffer_bounds ... FAILED

failures:

---- tests::check_buffer_bounds stdout ----

thread 'tests::check_buffer_bounds' (644080) panicked at /home/ikqnm/PycharmProjects/rudra_sandbox/rudra_big/rudra_big/src/dataset/o3_mini/data_generation/CWE-119/pair11/vulnerable.rs:73:9:
assertion `left == right` failed: Sentinel value corrupted due to buffer overflow
  left: 16843009
 right: 3735928559
note: run with `RUST_BACKTRACE=1` environment variable to display a backtrace


failures:
    tests::check_buffer_bounds

test result: FAILED. 0 passed; 1 failed; 0 ignored; 0 measured; 0 filtered out; finished in 0.00s

