
running 1 test
test tests::test_sentinel_invariant ... FAILED

failures:

---- tests::test_sentinel_invariant stdout ----

thread 'tests::test_sentinel_invariant' (645782) panicked at /home/ikqnm/PycharmProjects/rudra_sandbox/rudra_big/rudra_big/src/dataset/o3_mini/data_generation/CWE-119/pair2/vulnerable.rs:70:9:
assertion `left == right` failed: Sentinel was corrupted by out-of-bound write
  left: 170
 right: 0
note: run with `RUST_BACKTRACE=1` environment variable to display a backtrace


failures:
    tests::test_sentinel_invariant

test result: FAILED. 0 passed; 1 failed; 0 ignored; 0 measured; 0 filtered out; finished in 0.00s

