$ (cwd=/tmp/asan_pair9_a3_vulnerable_et_46u2_) cargo +nightly test --lib -- --nocapture

   Compiling pair9_a3_vulnerable v0.1.0 (/tmp/asan_pair9_a3_vulnerable_et_46u2_)
    Finished `test` profile [unoptimized + debuginfo] target(s) in 0.18s
     Running unittests src/lib.rs (target/debug/deps/pair9_a3_vulnerable-d26d9e89b14881cf)

running 1 test

thread 'tests::test_authentication' (42117) panicked at src/lib.rs:34:9:
assertion `left == right` failed: Authentication should fail for a partial token
  left: true
 right: false
note: run with `RUST_BACKTRACE=1` environment variable to display a backtrace
test tests::test_authentication ... FAILED

failures:

failures:
    tests::test_authentication

test result: FAILED. 0 passed; 1 failed; 0 ignored; 0 measured; 0 filtered out; finished in 0.00s

error: test failed, to rerun pass `--lib`
