$ (cwd=/tmp/asan_pair17_a1_vulnerable_w6rso3a2) cargo +nightly test --lib -- --nocapture

   Compiling pair17_a1_vulnerable v0.1.0 (/tmp/asan_pair17_a1_vulnerable_w6rso3a2)
    Finished `test` profile [unoptimized + debuginfo] target(s) in 0.25s
     Running unittests src/lib.rs (target/debug/deps/pair17_a1_vulnerable-4cbd48b131ba2c40)

running 1 test

thread 'tests::test_buffer_copy' (3796215) panicked at src/lib.rs:72:9:
assertion `left == right` failed: Buffer copy did not yield the expected result
  left: "A relatively longer string than expected, to trigger vulnerability."
 right: "A relatively lon"
note: run with `RUST_BACKTRACE=1` environment variable to display a backtrace
test tests::test_buffer_copy ... FAILED

failures:

failures:
    tests::test_buffer_copy

test result: FAILED. 0 passed; 1 failed; 0 ignored; 0 measured; 0 filtered out; finished in 0.00s

error: test failed, to rerun pass `--lib`
