$ (cwd=/tmp/asan_pair16_a2_vulnerable_boa8irgo) cargo +nightly test --lib -- --nocapture

   Compiling pair16_a2_vulnerable v0.1.0 (/tmp/asan_pair16_a2_vulnerable_boa8irgo)
    Finished `test` profile [unoptimized + debuginfo] target(s) in 0.19s
     Running unittests src/lib.rs (target/debug/deps/pair16_a2_vulnerable-549d256da81430d1)

running 1 test

thread 'tests::test_oracle' (3983978) panicked at src/lib.rs:58:9:
Expected panic when accessing an out-of-bounds index
note: run with `RUST_BACKTRACE=1` environment variable to display a backtrace
test tests::test_oracle ... FAILED

failures:

failures:
    tests::test_oracle

test result: FAILED. 0 passed; 1 failed; 0 ignored; 0 measured; 0 filtered out; finished in 0.00s

error: test failed, to rerun pass `--lib`
