$ (cwd=/tmp/asan_pair19_a2_vulnerable_zzsh0c7h) cargo +nightly test --lib -- --nocapture

   Compiling pair19_a2_vulnerable v0.1.0 (/tmp/asan_pair19_a2_vulnerable_zzsh0c7h)
    Finished `test` profile [unoptimized + debuginfo] target(s) in 0.25s
     Running unittests src/lib.rs (target/debug/deps/pair19_a2_vulnerable-79207584239c7d9a)

running 1 test

thread 'tests::test_underflow_prevention' (4001277) panicked at src/lib.rs:74:9:
assertion `left == right` failed: Final value did not saturate to 0 as expected
  left: 4294967261
 right: 0
note: run with `RUST_BACKTRACE=1` environment variable to display a backtrace
test tests::test_underflow_prevention ... FAILED

failures:

failures:
    tests::test_underflow_prevention

test result: FAILED. 0 passed; 1 failed; 0 ignored; 0 measured; 0 filtered out; finished in 0.00s

error: test failed, to rerun pass `--lib`
