$ (cwd=/tmp/asan_pair3_a3_vulnerable_fylrnxd2) cargo +nightly test --lib -- --nocapture

   Compiling pair3_a3_vulnerable v0.1.0 (/tmp/asan_pair3_a3_vulnerable_fylrnxd2)
    Finished `test` profile [unoptimized + debuginfo] target(s) in 0.21s
     Running unittests src/lib.rs (target/debug/deps/pair3_a3_vulnerable-7a64940f447852cd)

running 1 test

thread 'tests::recursion_limit_test' (4190481) panicked at src/lib.rs:75:9:
Expected failure in uncontrolled recursion scenario
note: run with `RUST_BACKTRACE=1` environment variable to display a backtrace
test tests::recursion_limit_test ... FAILED

failures:

failures:
    tests::recursion_limit_test

test result: FAILED. 0 passed; 1 failed; 0 ignored; 0 measured; 0 filtered out; finished in 0.00s

error: test failed, to rerun pass `--lib`
