$ (cwd=/tmp/asan_pair12_a1_vulnerable_2i_jrjl3) cargo +nightly test --lib -- --nocapture

   Compiling pair12_a1_vulnerable v0.1.0 (/tmp/asan_pair12_a1_vulnerable_2i_jrjl3)
    Finished `test` profile [unoptimized + debuginfo] target(s) in 0.25s
     Running unittests src/lib.rs (target/debug/deps/pair12_a1_vulnerable-0cbdfdf29a43da19)

running 1 test

thread 'tests::oracle_test' (3722249) panicked at src/lib.rs:66:9:
assertion `left == right` failed: Error: The adjacent field was unexpectedly modified.
  left: 255
 right: 0
note: run with `RUST_BACKTRACE=1` environment variable to display a backtrace
test tests::oracle_test ... FAILED

failures:

failures:
    tests::oracle_test

test result: FAILED. 0 passed; 1 failed; 0 ignored; 0 measured; 0 filtered out; finished in 0.00s

error: test failed, to rerun pass `--lib`
