$ (cwd=/tmp/asan_pair15_vulnerable_7t1ry79f) cargo +nightly test --lib -- --nocapture

   Compiling pair15_vulnerable v0.1.0 (/tmp/asan_pair15_vulnerable_7t1ry79f)
    Finished `test` profile [unoptimized + debuginfo] target(s) in 0.25s
     Running unittests src/lib.rs (target/debug/deps/pair15_vulnerable-38277e6d74255afb)

running 1 test

thread 'tests::test_compute' (3515706) panicked at src/lib.rs:50:9:
assertion `left == right` failed: Expected final value of 40000 after all increments
  left: 38280
 right: 40000
note: run with `RUST_BACKTRACE=1` environment variable to display a backtrace
test tests::test_compute ... FAILED

failures:

failures:
    tests::test_compute

test result: FAILED. 0 passed; 1 failed; 0 ignored; 0 measured; 0 filtered out; finished in 0.03s

error: test failed, to rerun pass `--lib`
