$ (cwd=/tmp/asan_pair13_vulnerable_thsgfugo) cargo +nightly test --lib -- --nocapture

   Compiling pair13_vulnerable v0.1.0 (/tmp/asan_pair13_vulnerable_thsgfugo)
    Finished `test` profile [unoptimized + debuginfo] target(s) in 0.25s
     Running unittests src/lib.rs (target/debug/deps/pair13_vulnerable-eb8479f8d15cfa1e)

running 1 test

thread '<unnamed>' (3461605) panicked at src/lib.rs:8:22:
attempt to subtract with overflow
note: run with `RUST_BACKTRACE=1` environment variable to display a backtrace

thread 'tests::test_underflow_prevention' (3461604) panicked at src/lib.rs:24:19:
called `Result::unwrap()` on an `Err` value: Any { .. }
test tests::test_underflow_prevention ... FAILED

failures:

failures:
    tests::test_underflow_prevention

test result: FAILED. 0 passed; 1 failed; 0 ignored; 0 measured; 0 filtered out; finished in 0.00s

error: test failed, to rerun pass `--lib`
