$ (cwd=/tmp/asan_pair5_a3_vulnerable_iyzu69hl) cargo +nightly test --lib -- --nocapture

   Compiling pair5_a3_vulnerable v0.1.0 (/tmp/asan_pair5_a3_vulnerable_iyzu69hl)
    Finished `test` profile [unoptimized + debuginfo] target(s) in 0.21s
     Running unittests src/lib.rs (target/debug/deps/pair5_a3_vulnerable-a5b34d13e0f6ea0f)

running 1 test

thread 'tests::test_snapshot_correctness' (4160898) panicked at src/lib.rs:64:9:
assertion `left == right` failed
  left: [190]
 right: [100]
note: run with `RUST_BACKTRACE=1` environment variable to display a backtrace
test tests::test_snapshot_correctness ... FAILED

failures:

failures:
    tests::test_snapshot_correctness

test result: FAILED. 0 passed; 1 failed; 0 ignored; 0 measured; 0 filtered out; finished in 0.00s

error: test failed, to rerun pass `--lib`
