$ (cwd=/tmp/asan_pair7_vulnerable_61qm10c4) cargo +nightly test --lib -- --nocapture

   Compiling pair7_vulnerable v0.1.0 (/tmp/asan_pair7_vulnerable_61qm10c4)
    Finished `test` profile [unoptimized + debuginfo] target(s) in 0.20s
     Running unittests src/lib.rs (target/debug/deps/pair7_vulnerable-a54fe009eb39d90e)

running 1 test

thread 'tests::test_debit_underflow' (3465417) panicked at src/lib.rs:55:9:
Operation should fail due to insufficient funds
note: run with `RUST_BACKTRACE=1` environment variable to display a backtrace
test tests::test_debit_underflow ... FAILED

failures:

failures:
    tests::test_debit_underflow

test result: FAILED. 0 passed; 1 failed; 0 ignored; 0 measured; 0 filtered out; finished in 0.00s

error: test failed, to rerun pass `--lib`
