$ (cwd=/tmp/asan_pair1_a3_vulnerable_sv26i8yy) cargo +nightly test --lib -- --nocapture

   Compiling pair1_a3_vulnerable v0.1.0 (/tmp/asan_pair1_a3_vulnerable_sv26i8yy)
    Finished `test` profile [unoptimized + debuginfo] target(s) in 0.22s
     Running unittests src/lib.rs (target/debug/deps/pair1_a3_vulnerable-78034ed2ab1e5da8)

running 1 test

thread 'tests::test_oracle' (4167609) panicked at src/lib.rs:32:9:
assertion `left == right` failed: The computed result must be 100
  left: 101
 right: 100
note: run with `RUST_BACKTRACE=1` environment variable to display a backtrace
test tests::test_oracle ... FAILED

failures:

failures:
    tests::test_oracle

test result: FAILED. 0 passed; 1 failed; 0 ignored; 0 measured; 0 filtered out; finished in 0.00s

error: test failed, to rerun pass `--lib`
