$ (cwd=/tmp/asan_pair18_a1_vulnerable_rr_jdqwr) cargo +nightly test --lib -- --nocapture

   Compiling pair18_a1_vulnerable v0.1.0 (/tmp/asan_pair18_a1_vulnerable_rr_jdqwr)
    Finished `test` profile [unoptimized + debuginfo] target(s) in 0.21s
     Running unittests src/lib.rs (target/debug/deps/pair18_a1_vulnerable-649cd7d0f0b50684)

running 1 test

thread 'tests::test_configuration' (3833844) panicked at src/lib.rs:38:9:
assertion `left == right` failed: Configuration description is not properly initialized
  left: ""
 right: "default config"
note: run with `RUST_BACKTRACE=1` environment variable to display a backtrace
test tests::test_configuration ... FAILED

failures:

failures:
    tests::test_configuration

test result: FAILED. 0 passed; 1 failed; 0 ignored; 0 measured; 0 filtered out; finished in 0.00s

error: test failed, to rerun pass `--lib`
