$ (cwd=/tmp/asan_pair5_a2_vulnerable_tpso5rcz) cargo +nightly test --lib -- --nocapture

   Compiling pair5_a2_vulnerable v0.1.0 (/tmp/asan_pair5_a2_vulnerable_tpso5rcz)
    Finished `test` profile [unoptimized + debuginfo] target(s) in 0.18s
     Running unittests src/lib.rs (target/debug/deps/pair5_a2_vulnerable-db731dfb4565aecd)

running 1 test

thread 'tests::subtraction_behavior' (4002743) panicked at src/lib.rs:58:9:
assertion `left == right` failed: Underflow detected: the value is not safe
  left: 4294967295
 right: 0
note: run with `RUST_BACKTRACE=1` environment variable to display a backtrace
test tests::subtraction_behavior ... FAILED

failures:

failures:
    tests::subtraction_behavior

test result: FAILED. 0 passed; 1 failed; 0 ignored; 0 measured; 0 filtered out; finished in 0.00s

error: test failed, to rerun pass `--lib`
