$ (cwd=/tmp/asan_pair4_vulnerable_2oo0f6xu) cargo +nightly test --lib -- --nocapture

   Compiling pair4_vulnerable v0.1.0 (/tmp/asan_pair4_vulnerable_2oo0f6xu)
    Finished `test` profile [unoptimized + debuginfo] target(s) in 0.27s
     Running unittests src/lib.rs (target/debug/deps/pair4_vulnerable-dd121c6c5d9904fd)

running 1 test

thread 'tests::test_saturation' (3464641) panicked at src/lib.rs:54:9:
assertion `left == right` failed: Counter did not saturate to zero as expected
  left: 18446744073709551566
 right: 0
note: run with `RUST_BACKTRACE=1` environment variable to display a backtrace
test tests::test_saturation ... FAILED

failures:

failures:
    tests::test_saturation

test result: FAILED. 0 passed; 1 failed; 0 ignored; 0 measured; 0 filtered out; finished in 0.00s

error: test failed, to rerun pass `--lib`
