$ (cwd=/tmp/asan_pair7_a1_vulnerable_2u7mmu7h) cargo +nightly test --lib -- --nocapture

   Compiling pair7_a1_vulnerable v0.1.0 (/tmp/asan_pair7_a1_vulnerable_2u7mmu7h)
    Finished `test` profile [unoptimized + debuginfo] target(s) in 0.24s
     Running unittests src/lib.rs (target/debug/deps/pair7_a1_vulnerable-05f9bea612968f00)

running 1 test

thread '<unnamed>' (3836260) panicked at src/lib.rs:55:17:
Configuration validation failed in secondary thread.
note: run with `RUST_BACKTRACE=1` environment variable to display a backtrace

thread 'tests::config_validation_test' (3836259) panicked at src/lib.rs:61:23:
called `Result::unwrap()` on an `Err` value: Any { .. }
test tests::config_validation_test ... FAILED

failures:

failures:
    tests::config_validation_test

test result: FAILED. 0 passed; 1 failed; 0 ignored; 0 measured; 0 filtered out; finished in 0.00s

error: test failed, to rerun pass `--lib`
