$ (cwd=/tmp/asan_pair3_a3_vulnerable_wayx76r4) cargo +nightly test --lib -- --nocapture

   Compiling pair3_a3_vulnerable v0.1.0 (/tmp/asan_pair3_a3_vulnerable_wayx76r4)
    Finished `test` profile [unoptimized + debuginfo] target(s) in 0.22s
     Running unittests src/lib.rs (target/debug/deps/pair3_a3_vulnerable-7a64940f447852cd)

running 1 test

thread 'tests::test_configuration_validity' (9482) panicked at src/lib.rs:47:9:
Configuration should be active
note: run with `RUST_BACKTRACE=1` environment variable to display a backtrace
test tests::test_configuration_validity ... FAILED

failures:

failures:
    tests::test_configuration_validity

test result: FAILED. 0 passed; 1 failed; 0 ignored; 0 measured; 0 filtered out; finished in 0.00s

error: test failed, to rerun pass `--lib`
