$ (cwd=/tmp/asan_pair13_a3_vulnerable_zcxly2ud) cargo +nightly test --lib -- --nocapture

   Compiling pair13_a3_vulnerable v0.1.0 (/tmp/asan_pair13_a3_vulnerable_zcxly2ud)
    Finished `test` profile [unoptimized + debuginfo] target(s) in 0.25s
     Running unittests src/lib.rs (target/debug/deps/pair13_a3_vulnerable-812b5189f2c828cf)

running 1 test

thread 'tests::check_buffer_sum' (4157804) panicked at src/lib.rs:17:22:
index out of bounds: the len is 10 but the index is 10
note: run with `RUST_BACKTRACE=1` environment variable to display a backtrace
test tests::check_buffer_sum ... FAILED

failures:

failures:
    tests::check_buffer_sum

test result: FAILED. 0 passed; 1 failed; 0 ignored; 0 measured; 0 filtered out; finished in 0.00s

error: test failed, to rerun pass `--lib`
