$ (cwd=/tmp/asan_pair7_vulnerable_me28y7gv) cargo +nightly test --lib -- --nocapture

   Compiling pair7_vulnerable v0.1.0 (/tmp/asan_pair7_vulnerable_me28y7gv)
    Finished `test` profile [unoptimized + debuginfo] target(s) in 0.23s
     Running unittests src/lib.rs (target/debug/deps/pair7_vulnerable-a54fe009eb39d90e)

running 1 test

thread 'tests::oracle_test' (3492304) panicked at src/lib.rs:96:30:
Expected an error due to deep recursion, but parsing succeeded.
note: run with `RUST_BACKTRACE=1` environment variable to display a backtrace
test tests::oracle_test ... FAILED

failures:

failures:
    tests::oracle_test

test result: FAILED. 0 passed; 1 failed; 0 ignored; 0 measured; 0 filtered out; finished in 0.00s

error: test failed, to rerun pass `--lib`
