$ (cwd=/tmp/asan_pair10_vulnerable_5xfp5vvg) cargo +nightly test --lib -- --nocapture

   Compiling pair10_vulnerable v0.1.0 (/tmp/asan_pair10_vulnerable_5xfp5vvg)
    Finished `test` profile [unoptimized + debuginfo] target(s) in 0.20s
     Running unittests src/lib.rs (target/debug/deps/pair10_vulnerable-9f57affcbe837700)

running 1 test
=================================================================
==3453165==ERROR: AddressSanitizer: global-buffer-overflow on address 0x5640fbf1394c at pc 0x5640fbfd64eb bp 0x70b1c8dfe1d0 sp 0x70b1c8dfd990
READ of size 16 at 0x5640fbf1394c thread T1
    #0 0x5640fbfd64ea  (/tmp/asan_pair10_vulnerable_5xfp5vvg/target/debug/deps/pair10_vulnerable-9f57affcbe837700+0xef4ea) (BuildId: 03538e11f2052bfeadb2f90c4746d9853260f3e4)
    #1 0x5640fc007c1f  (/tmp/asan_pair10_vulnerable_5xfp5vvg/target/debug/deps/pair10_vulnerable-9f57affcbe837700+0x120c1f) (BuildId: 03538e11f2052bfeadb2f90c4746d9853260f3e4)
    #2 0x5640fc008646  (/tmp/asan_pair10_vulnerable_5xfp5vvg/target/debug/deps/pair10_vulnerable-9f57affcbe837700+0x121646) (BuildId: 03538e11f2052bfeadb2f90c4746d9853260f3e4)
    #3 0x5640fc007df6  (/tmp/asan_pair10_vulnerable_5xfp5vvg/target/debug/deps/pair10_vulnerable-9f57affcbe837700+0x120df6) (BuildId: 03538e11f2052bfeadb2f90c4746d9853260f3e4)
    #4 0x5640fc007ff5  (/tmp/asan_pair10_vulnerable_5xfp5vvg/target/debug/deps/pair10_vulnerable-9f57affcbe837700+0x120ff5) (BuildId: 03538e11f2052bfeadb2f90c4746d9853260f3e4)
    #5 0x5640fc02a2da  (/tmp/asan_pair10_vulnerable_5xfp5vvg/target/debug/deps/pair10_vulnerable-9f57affcbe837700+0x1432da) (BuildId: 03538e11f2052bfeadb2f90c4746d9853260f3e4)
    #6 0x5640fc03fcc4  (/tmp/asan_pair10_vulnerable_5xfp5vvg/target/debug/deps/pair10_vulnerable-9f57affcbe837700+0x158cc4) (BuildId: 03538e11f2052bfeadb2f90c4746d9853260f3e4)
    #7 0x5640fc0166e3  (/tmp/asan_pair10_vulnerable_5xfp5vvg/target/debug/deps/pair10_vulnerable-9f57affcbe837700+0x12f6e3) (BuildId: 03538e11f2052bfeadb2f90c4746d9853260f3e4)
    #8 0x5640fc01a0c9  (/tmp/asan_pair10_vulnerable_5xfp5vvg/target/debug/deps/pair10_vulnerable-9f57affcbe837700+0x1330c9) (BuildId: 03538e11f2052bfeadb2f90c4746d9853260f3e4)
    #9 0x5640fc05fcee  (/tmp/asan_pair10_vulnerable_5xfp5vvg/target/debug/deps/pair10_vulnerable-9f57affcbe837700+0x178cee) (BuildId: 03538e11f2052bfeadb2f90c4746d9853260f3e4)
    #10 0x5640fbfd6126  (/tmp/asan_pair10_vulnerable_5xfp5vvg/target/debug/deps/pair10_vulnerable-9f57affcbe837700+0xef126) (BuildId: 03538e11f2052bfeadb2f90c4746d9853260f3e4)
    #11 0x74b1cc094ac2  (/lib/x86_64-linux-gnu/libc.so.6+0x94ac2) (BuildId: d5197096f709801829b118af1b7cf6631efa2dcd)
    #12 0x74b1cc12684f  (/lib/x86_64-linux-gnu/libc.so.6+0x12684f) (BuildId: d5197096f709801829b118af1b7cf6631efa2dcd)

0x5640fbf1394c is located 20 bytes before global variable 'alloc_9d8e39bc13f046594a8b332dc11663bd' defined in 'dr5a2wy3kdgs7i01gz38gkend' (0x5640fbf13960) of size 52
0x5640fbf1394c is located 0 bytes after global variable 'alloc_ab3a6497063bc746f2057e4c3551a900' defined in 'dr5a2wy3kdgs7i01gz38gkend' (0x5640fbf13940) of size 12
SUMMARY: AddressSanitizer: global-buffer-overflow (/tmp/asan_pair10_vulnerable_5xfp5vvg/target/debug/deps/pair10_vulnerable-9f57affcbe837700+0xef4ea) (BuildId: 03538e11f2052bfeadb2f90c4746d9853260f3e4) 
Shadow bytes around the buggy address:
  0x5640fbf13680: 00 00 00 00 00 00 00 00 00 04 f9 f9 f9 f9 f9 f9
  0x5640fbf13700: 00 00 00 00 00 00 00 00 00 05 f9 f9 f9 f9 f9 f9
  0x5640fbf13780: 00 00 00 00 00 07 f9 f9 00 02 f9 f9 00 03 f9 f9
  0x5640fbf13800: 00 00 00 00 00 00 00 00 00 04 f9 f9 f9 f9 f9 f9
  0x5640fbf13880: 00 00 00 00 00 00 00 00 00 00 00 00 00 05 f9 f9
=>0x5640fbf13900: f9 f9 f9 f9 00 00 00 00 00[04]f9 f9 00 00 00 00
  0x5640fbf13980: 00 00 04 f9 f9 f9 f9 f9 00 03 f9 f9 00 00 00 00
  0x5640fbf13a00: 00 00 00 00 00 00 00 00 00 00 00 00 03 f9 f9 f9
  0x5640fbf13a80: f9 f9 f9 f9 00 00 00 03 f9 f9 f9 f9 00 00 f9 f9
  0x5640fbf13b00: 00 00 00 00 00 00 00 00 00 00 00 00 00 00 00 00
  0x5640fbf13b80: 00 00 00 00 00 00 00 00 00 00 00 00 00 00 00 00
Shadow byte legend (one shadow byte represents 8 application bytes):
  Addressable:           00
  Partially addressable: 01 02 03 04 05 06 07 
  Heap left redzone:       fa
  Freed heap region:       fd
  Stack left redzone:      f1
  Stack mid redzone:       f2
  Stack right redzone:     f3
  Stack after return:      f5
  Stack use after scope:   f8
  Global redzone:          f9
  Global init order:       f6
  Poisoned by user:        f7
  Container overflow:      fc
  Array cookie:            ac
  Intra object redzone:    bb
  ASan internal:           fe
  Left alloca redzone:     ca
  Right alloca redzone:    cb
Thread T1 created by T0 here:
    #0 0x5640fbfbcb51  (/tmp/asan_pair10_vulnerable_5xfp5vvg/target/debug/deps/pair10_vulnerable-9f57affcbe837700+0xd5b51) (BuildId: 03538e11f2052bfeadb2f90c4746d9853260f3e4)
    #1 0x5640fc05ff0f  (/tmp/asan_pair10_vulnerable_5xfp5vvg/target/debug/deps/pair10_vulnerable-9f57affcbe837700+0x178f0f) (BuildId: 03538e11f2052bfeadb2f90c4746d9853260f3e4)
    #2 0x5640fc03e83d  (/tmp/asan_pair10_vulnerable_5xfp5vvg/target/debug/deps/pair10_vulnerable-9f57affcbe837700+0x15783d) (BuildId: 03538e11f2052bfeadb2f90c4746d9853260f3e4)
    #3 0x5640fc037b84  (/tmp/asan_pair10_vulnerable_5xfp5vvg/target/debug/deps/pair10_vulnerable-9f57affcbe837700+0x150b84) (BuildId: 03538e11f2052bfeadb2f90c4746d9853260f3e4)
    #4 0x5640fc0411c5  (/tmp/asan_pair10_vulnerable_5xfp5vvg/target/debug/deps/pair10_vulnerable-9f57affcbe837700+0x15a1c5) (BuildId: 03538e11f2052bfeadb2f90c4746d9853260f3e4)
    #5 0x5640fc029f1a  (/tmp/asan_pair10_vulnerable_5xfp5vvg/target/debug/deps/pair10_vulnerable-9f57affcbe837700+0x142f1a) (BuildId: 03538e11f2052bfeadb2f90c4746d9853260f3e4)
    #6 0x5640fc007a22  (/tmp/asan_pair10_vulnerable_5xfp5vvg/target/debug/deps/pair10_vulnerable-9f57affcbe837700+0x120a22) (BuildId: 03538e11f2052bfeadb2f90c4746d9853260f3e4)
    #7 0x5640fc0076df  (/tmp/asan_pair10_vulnerable_5xfp5vvg/target/debug/deps/pair10_vulnerable-9f57affcbe837700+0x1206df) (BuildId: 03538e11f2052bfeadb2f90c4746d9853260f3e4)
    #8 0x5640fc007ddd  (/tmp/asan_pair10_vulnerable_5xfp5vvg/target/debug/deps/pair10_vulnerable-9f57affcbe837700+0x120ddd) (BuildId: 03538e11f2052bfeadb2f90c4746d9853260f3e4)


thread 'tests::contract' (3453166) panicked at src/lib.rs:43:10:
assertion `left == right` failed: The replicated string did not match the input string
  left: "Hello, Rust!\0\0\0\0"
 right: "Hello, Rust!"
note: run with `RUST_BACKTRACE=1` environment variable to display a backtrace
test tests::contract ... FAILED

failures:

failures:
    tests::contract

test result: FAILED. 0 passed; 1 failed; 0 ignored; 0 measured; 0 filtered out; finished in 0.00s

error: test failed, to rerun pass `--lib`
