$ (cwd=/tmp/asan_pair12_a2_vulnerable_a8f0moeg) cargo +nightly test --lib -- --nocapture

   Compiling pair12_a2_vulnerable v0.1.0 (/tmp/asan_pair12_a2_vulnerable_a8f0moeg)
    Finished `test` profile [unoptimized + debuginfo] target(s) in 0.24s
     Running unittests src/lib.rs (target/debug/deps/pair12_a2_vulnerable-9b960453506fb765)

running 2 tests

thread 'oracle::verify_computation' (3972346) panicked at src/lib.rs:53:9:
assertion `left == right` failed: The computed product is incorrect, indicating an arithmetic overflow vulnerability.
  left: 410065408
 right: 9000000000
note: run with `RUST_BACKTRACE=1` environment variable to display a backtrace

thread 'tests::check_result' (3972347) panicked at src/lib.rs:40:9:
assertion `left == right` failed: Computation did not yield the expected result
  left: 410065408
 right: 9000000000
test oracle::verify_computation ... FAILED
test tests::check_result ... FAILED

failures:

failures:
    oracle::verify_computation
    tests::check_result

test result: FAILED. 0 passed; 2 failed; 0 ignored; 0 measured; 0 filtered out; finished in 0.00s

error: test failed, to rerun pass `--lib`
