$ (cwd=/tmp/asan_pair11_a3_vulnerable_6ut4_lgr) cargo +nightly test --lib -- --nocapture

   Compiling pair11_a3_vulnerable v0.1.0 (/tmp/asan_pair11_a3_vulnerable_6ut4_lgr)
    Finished `test` profile [unoptimized + debuginfo] target(s) in 0.21s
     Running unittests src/lib.rs (target/debug/deps/pair11_a3_vulnerable-73a945536955b500)

running 1 test

thread 'tests::recursion_limit_test' (4187430) panicked at src/lib.rs:66:17:
assertion `left == right` failed: Expected error due to maximum recursion depth being exceeded
  left: Ok(0)
 right: Err("Maximum recursion depth exceeded")
note: run with `RUST_BACKTRACE=1` environment variable to display a backtrace
test tests::recursion_limit_test ... FAILED

failures:

failures:
    tests::recursion_limit_test

test result: FAILED. 0 passed; 1 failed; 0 ignored; 0 measured; 0 filtered out; finished in 0.00s

error: test failed, to rerun pass `--lib`
