$ (cwd=/tmp/asan_pair2_a2_vulnerable_4ucgm49v) cargo +nightly test --lib -- --nocapture

   Compiling pair2_a2_vulnerable v0.1.0 (/tmp/asan_pair2_a2_vulnerable_4ucgm49v)
    Finished `test` profile [unoptimized + debuginfo] target(s) in 0.24s
     Running unittests src/lib.rs (target/debug/deps/pair2_a2_vulnerable-ff8c9405f2acb452)

running 1 test

thread 'tests::concurrency_invariant' (4098525) panicked at src/lib.rs:65:9:
assertion `left == right` failed: Invariant violated: expected 19, got 10
  left: 10
 right: 19
note: run with `RUST_BACKTRACE=1` environment variable to display a backtrace
test tests::concurrency_invariant ... FAILED

failures:

failures:
    tests::concurrency_invariant

test result: FAILED. 0 passed; 1 failed; 0 ignored; 0 measured; 0 filtered out; finished in 0.01s

error: test failed, to rerun pass `--lib`
