$ (cwd=/tmp/asan_pair7_a1_fixed_ge8e9nk7) cargo +nightly test --lib -- --nocapture

   Compiling pair7_a1_fixed v0.1.0 (/tmp/asan_pair7_a1_fixed_ge8e9nk7)
    Finished `test` profile [unoptimized + debuginfo] target(s) in 0.24s
     Running unittests src/lib.rs (target/debug/deps/pair7_a1_fixed-b64fe1d798610e52)

running 1 test

thread '<unnamed>' (3817313) panicked at src/lib.rs:19:13:
Out of bounds access
note: run with `RUST_BACKTRACE=1` environment variable to display a backtrace

thread 'tests::boundary_check_test' (3817312) panicked at src/lib.rs:36:19:
called `Result::unwrap()` on an `Err` value: Any { .. }
test tests::boundary_check_test ... ok

test result: ok. 1 passed; 0 failed; 0 ignored; 0 measured; 0 filtered out; finished in 0.00s

