$ (cwd=/tmp/asan_pair19_a1_vulnerable_zjk6iunw) cargo +nightly test --lib -- --nocapture

   Compiling pair19_a1_vulnerable v0.1.0 (/tmp/asan_pair19_a1_vulnerable_zjk6iunw)
    Finished `test` profile [unoptimized + debuginfo] target(s) in 0.19s
     Running unittests src/lib.rs (target/debug/deps/pair19_a1_vulnerable-b5db46a6fb11d121)

running 1 test

thread 'tests::buffer_integrity' (3802217) panicked at src/lib.rs:11:14:
index out of bounds: the len is 10 but the index is 10
note: run with `RUST_BACKTRACE=1` environment variable to display a backtrace
test tests::buffer_integrity ... FAILED

failures:

failures:
    tests::buffer_integrity

test result: FAILED. 0 passed; 1 failed; 0 ignored; 0 measured; 0 filtered out; finished in 0.00s

error: test failed, to rerun pass `--lib`
