$ (cwd=/tmp/asan_pair6_a2_vulnerable_41zcix1w) cargo +nightly test --lib -- --nocapture

   Compiling pair6_a2_vulnerable v0.1.0 (/tmp/asan_pair6_a2_vulnerable_41zcix1w)
    Finished `test` profile [unoptimized + debuginfo] target(s) in 0.26s
     Running unittests src/lib.rs (target/debug/deps/pair6_a2_vulnerable-5cdb96f29cdebb00)

running 1 test

thread 'tests::test_resource_initialization' (4035594) panicked at src/lib.rs:38:13:
attempt to add with overflow
note: run with `RUST_BACKTRACE=1` environment variable to display a backtrace
test tests::test_resource_initialization ... FAILED

failures:

failures:
    tests::test_resource_initialization

test result: FAILED. 0 passed; 1 failed; 0 ignored; 0 measured; 0 filtered out; finished in 0.00s

error: test failed, to rerun pass `--lib`
