$ (cwd=/tmp/asan_pair20_a2_vulnerable_qsa_u4ht) cargo +nightly test --lib -- --nocapture

   Compiling pair20_a2_vulnerable v0.1.0 (/tmp/asan_pair20_a2_vulnerable_qsa_u4ht)
    Finished `test` profile [unoptimized + debuginfo] target(s) in 0.20s
     Running unittests src/lib.rs (target/debug/deps/pair20_a2_vulnerable-a6fcbb44b010762b)

running 1 test

thread 'tests::oracle' (4023188) panicked at src/lib.rs:79:25:
assertion `left == right` failed: Expected recursion depth limit error.
  left: "Missing closing ')'"
 right: "Recursion too deep"
note: run with `RUST_BACKTRACE=1` environment variable to display a backtrace
test tests::oracle ... FAILED

failures:

failures:
    tests::oracle

test result: FAILED. 0 passed; 1 failed; 0 ignored; 0 measured; 0 filtered out; finished in 0.00s

error: test failed, to rerun pass `--lib`
