$ (cwd=/tmp/asan_pair18_a2_vulnerable_kzxo4uzd) cargo +nightly test --lib -- --nocapture

   Compiling pair18_a2_vulnerable v0.1.0 (/tmp/asan_pair18_a2_vulnerable_kzxo4uzd)
    Finished `test` profile [unoptimized + debuginfo] target(s) in 0.24s
     Running unittests src/lib.rs (target/debug/deps/pair18_a2_vulnerable-68aa8f3e87b6faf1)

running 1 test

thread '<unnamed>' (4027927) panicked at src/lib.rs:16:24:
index out of bounds: the len is 10 but the index is 10
note: run with `RUST_BACKTRACE=1` environment variable to display a backtrace

thread 'tests::test_buffer_integrity' (4027926) panicked at src/lib.rs:34:24:
called `Result::unwrap()` on an `Err` value: Any { .. }
test tests::test_buffer_integrity ... FAILED

failures:

failures:
    tests::test_buffer_integrity

test result: FAILED. 0 passed; 1 failed; 0 ignored; 0 measured; 0 filtered out; finished in 0.00s

error: test failed, to rerun pass `--lib`
