$ (cwd=/tmp/asan_pair15_a3_vulnerable_ucb65fq4) cargo +nightly test --lib -- --nocapture

   Compiling pair15_a3_vulnerable v0.1.0 (/tmp/asan_pair15_a3_vulnerable_ucb65fq4)
    Finished `test` profile [unoptimized + debuginfo] target(s) in 0.24s
     Running unittests src/lib.rs (target/debug/deps/pair15_a3_vulnerable-b28bb099dabc0f29)

running 1 test

thread '<unnamed>' (4152602) panicked at src/lib.rs:12:13:
attempt to subtract with overflow
note: run with `RUST_BACKTRACE=1` environment variable to display a backtrace

thread 'tests::contract_test' (4152601) panicked at src/lib.rs:47:23:
called `Result::unwrap()` on an `Err` value: Any { .. }
test tests::contract_test ... FAILED

failures:

failures:
    tests::contract_test

test result: FAILED. 0 passed; 1 failed; 0 ignored; 0 measured; 0 filtered out; finished in 0.00s

error: test failed, to rerun pass `--lib`
