$ (cwd=/tmp/asan_pair19_vulnerable_slf9sm64) cargo +nightly test --lib -- --nocapture

   Compiling pair19_vulnerable v0.1.0 (/tmp/asan_pair19_vulnerable_slf9sm64)
    Finished `test` profile [unoptimized + debuginfo] target(s) in 0.23s
     Running unittests src/lib.rs (target/debug/deps/pair19_vulnerable-d284d2f5c035ec52)

running 1 test

thread 'test_oracle::oracle' (3501330) panicked at src/lib.rs:38:9:
assertion `left == right` failed: Test oracle: Expected sum is 30
  left: 2163211786
 right: 30
note: run with `RUST_BACKTRACE=1` environment variable to display a backtrace
test test_oracle::oracle ... FAILED

failures:

failures:
    test_oracle::oracle

test result: FAILED. 0 passed; 1 failed; 0 ignored; 0 measured; 0 filtered out; finished in 0.00s

error: test failed, to rerun pass `--lib`
