$ (cwd=/tmp/asan_pair12_a2_vulnerable_i5_l4q23) cargo +nightly test --lib -- --nocapture

   Compiling pair12_a2_vulnerable v0.1.0 (/tmp/asan_pair12_a2_vulnerable_i5_l4q23)
    Finished `test` profile [unoptimized + debuginfo] target(s) in 0.17s
     Running unittests src/lib.rs (target/debug/deps/pair12_a2_vulnerable-9b960453506fb765)

running 1 test

thread 'tests::test_oracle' (4004973) panicked at src/lib.rs:9:9:
Double free detected
note: run with `RUST_BACKTRACE=1` environment variable to display a backtrace

thread 'tests::test_oracle' (4004973) panicked at src/lib.rs:44:9:
Execution should succeed without panic
test tests::test_oracle ... FAILED

failures:

failures:
    tests::test_oracle

test result: FAILED. 0 passed; 1 failed; 0 ignored; 0 measured; 0 filtered out; finished in 0.00s

error: test failed, to rerun pass `--lib`
