$ (cwd=/tmp/asan_pair9_a2_vulnerable_uut99fqi) cargo +nightly test --lib -- --nocapture

   Compiling pair9_a2_vulnerable v0.1.0 (/tmp/asan_pair9_a2_vulnerable_uut99fqi)
    Finished `test` profile [unoptimized + debuginfo] target(s) in 0.18s
     Running unittests src/lib.rs (target/debug/deps/pair9_a2_vulnerable-96e3e4bf2dcaf1d5)

running 1 test
Values: 100 and 100

thread 'oracle::test_item_behavior' (4009082) panicked at src/lib.rs:24:17:
Double free detected
note: run with `RUST_BACKTRACE=1` environment variable to display a backtrace

thread 'oracle::test_item_behavior' (4009082) panicked at src/lib.rs:61:9:
Test oracle: double release error detected.
test oracle::test_item_behavior ... FAILED

failures:

failures:
    oracle::test_item_behavior

test result: FAILED. 0 passed; 1 failed; 0 ignored; 0 measured; 0 filtered out; finished in 0.00s

error: test failed, to rerun pass `--lib`
