$ (cwd=/tmp/asan_pair1_a1_vulnerable_ep5w2yvu) cargo +nightly test --lib -- --nocapture

   Compiling pair1_a1_vulnerable v0.1.0 (/tmp/asan_pair1_a1_vulnerable_ep5w2yvu)
    Finished `test` profile [unoptimized + debuginfo] target(s) in 0.25s
     Running unittests src/lib.rs (target/debug/deps/pair1_a1_vulnerable-842298711ad05eec)

running 1 test

thread 'tests::race_condition_oracle' (3837194) panicked at src/lib.rs:57:9:
assertion `left == right` failed: Final counter mismatch: expected 10000, got 3144
  left: 3144
 right: 10000
note: run with `RUST_BACKTRACE=1` environment variable to display a backtrace
test tests::race_condition_oracle ... FAILED

failures:

failures:
    tests::race_condition_oracle

test result: FAILED. 0 passed; 1 failed; 0 ignored; 0 measured; 0 filtered out; finished in 0.00s

error: test failed, to rerun pass `--lib`
