$ (cwd=/tmp/asan_pair17_a2_vulnerable_315s89yl) cargo +nightly test --lib -- --nocapture

   Compiling pair17_a2_vulnerable v0.1.0 (/tmp/asan_pair17_a2_vulnerable_315s89yl)
    Finished `test` profile [unoptimized + debuginfo] target(s) in 0.20s
     Running unittests src/lib.rs (target/debug/deps/pair17_a2_vulnerable-cd23029e6a478f9c)

running 1 test

thread 'tests::test_recursive_limit' (4022091) panicked at src/lib.rs:76:9:
Vulnerable version should not handle deep recursion gracefully
note: run with `RUST_BACKTRACE=1` environment variable to display a backtrace
test tests::test_recursive_limit ... FAILED

failures:

failures:
    tests::test_recursive_limit

test result: FAILED. 0 passed; 1 failed; 0 ignored; 0 measured; 0 filtered out; finished in 0.00s

error: test failed, to rerun pass `--lib`
