$ (cwd=/tmp/asan_pair14_a2_vulnerable_oa77ztmq) cargo +nightly test --lib -- --nocapture

   Compiling pair14_a2_vulnerable v0.1.0 (/tmp/asan_pair14_a2_vulnerable_oa77ztmq)
    Finished `test` profile [unoptimized + debuginfo] target(s) in 0.18s
     Running unittests src/lib.rs (target/debug/deps/pair14_a2_vulnerable-a65b6f566b2bada3)

running 1 test

thread 'tests::test_token_auth' (4102539) panicked at src/lib.rs:49:9:
assertion `left == right` failed: Prefix token should not pass authentication
  left: true
 right: false
note: run with `RUST_BACKTRACE=1` environment variable to display a backtrace
test tests::test_token_auth ... FAILED

failures:

failures:
    tests::test_token_auth

test result: FAILED. 0 passed; 1 failed; 0 ignored; 0 measured; 0 filtered out; finished in 0.00s

error: test failed, to rerun pass `--lib`
