$ (cwd=/tmp/asan_pair10_a3_vulnerable_02asbxfd) cargo +nightly test --lib -- --nocapture

   Compiling pair10_a3_vulnerable v0.1.0 (/tmp/asan_pair10_a3_vulnerable_02asbxfd)
    Finished `test` profile [unoptimized + debuginfo] target(s) in 0.19s
     Running unittests src/lib.rs (target/debug/deps/pair10_a3_vulnerable-2612b3092d427c3a)

running 1 test

thread 'tests::authentication_oracle' (37285) panicked at src/lib.rs:41:9:
Authentication should fail for invalid token
note: run with `RUST_BACKTRACE=1` environment variable to display a backtrace
test tests::authentication_oracle ... FAILED

failures:

failures:
    tests::authentication_oracle

test result: FAILED. 0 passed; 1 failed; 0 ignored; 0 measured; 0 filtered out; finished in 0.00s

error: test failed, to rerun pass `--lib`
