$ (cwd=/tmp/asan_pair3_a3_vulnerable_mzohl1au) cargo +nightly test --lib -- --nocapture

   Compiling pair3_a3_vulnerable v0.1.0 (/tmp/asan_pair3_a3_vulnerable_mzohl1au)
    Finished `test` profile [unoptimized + debuginfo] target(s) in 0.19s
     Running unittests src/lib.rs (target/debug/deps/pair3_a3_vulnerable-7a64940f447852cd)

running 1 test

thread 'tests::test_total_computation' (4160370) panicked at src/lib.rs:49:9:
assertion `left == right` failed: The total sum should be 15 but got 114
  left: 114
 right: 15
note: run with `RUST_BACKTRACE=1` environment variable to display a backtrace
test tests::test_total_computation ... FAILED

failures:

failures:
    tests::test_total_computation

test result: FAILED. 0 passed; 1 failed; 0 ignored; 0 measured; 0 filtered out; finished in 0.00s

error: test failed, to rerun pass `--lib`
