$ (cwd=/tmp/asan_pair5_a2_vulnerable_dnoxz7d9) cargo +nightly test --lib -- --nocapture

   Compiling pair5_a2_vulnerable v0.1.0 (/tmp/asan_pair5_a2_vulnerable_dnoxz7d9)
    Finished `test` profile [unoptimized + debuginfo] target(s) in 0.19s
     Running unittests src/lib.rs (target/debug/deps/pair5_a2_vulnerable-db731dfb4565aecd)

running 1 test

thread 'tests::recursion_test' (4023995) panicked at src/lib.rs:89:25:
assertion `left == right` failed: Test failed: unexpected error message.
  left: "Unexpected closing parenthesis"
 right: "Maximum recursion depth exceeded"
note: run with `RUST_BACKTRACE=1` environment variable to display a backtrace
test tests::recursion_test ... FAILED

failures:

failures:
    tests::recursion_test

test result: FAILED. 0 passed; 1 failed; 0 ignored; 0 measured; 0 filtered out; finished in 0.00s

error: test failed, to rerun pass `--lib`
