$ (cwd=/tmp/asan_pair17_a3_vulnerable_74oxgvz5) cargo +nightly test --lib -- --nocapture

   Compiling pair17_a3_vulnerable v0.1.0 (/tmp/asan_pair17_a3_vulnerable_74oxgvz5)
    Finished `test` profile [unoptimized + debuginfo] target(s) in 0.23s
     Running unittests src/lib.rs (target/debug/deps/pair17_a3_vulnerable-b5ccfdb0a162cf2e)

running 1 test

thread 'tests::config_timeout_must_be_correct' (8082) panicked at src/lib.rs:45:9:
assertion `left == right` failed: The timeout has not been properly initialized; expected 31.
  left: 1
 right: 31
note: run with `RUST_BACKTRACE=1` environment variable to display a backtrace
test tests::config_timeout_must_be_correct ... FAILED

failures:

failures:
    tests::config_timeout_must_be_correct

test result: FAILED. 0 passed; 1 failed; 0 ignored; 0 measured; 0 filtered out; finished in 0.00s

error: test failed, to rerun pass `--lib`
