$ (cwd=/tmp/asan_pair12_a3_vulnerable_upjnh37j) cargo +nightly test --lib -- --nocapture

   Compiling pair12_a3_vulnerable v0.1.0 (/tmp/asan_pair12_a3_vulnerable_upjnh37j)
    Finished `test` profile [unoptimized + debuginfo] target(s) in 0.25s
     Running unittests src/lib.rs (target/debug/deps/pair12_a3_vulnerable-d4e8ca2b8143bc06)

running 1 test

thread '<unnamed>' (4157511) panicked at src/lib.rs:14:22:
index out of bounds: the len is 10 but the index is 10
note: run with `RUST_BACKTRACE=1` environment variable to display a backtrace

thread 'tests::test_computation' (4157510) panicked at src/lib.rs:28:20:
Thread panicked: Any { .. }
test tests::test_computation ... FAILED

failures:

failures:
    tests::test_computation

test result: FAILED. 0 passed; 1 failed; 0 ignored; 0 measured; 0 filtered out; finished in 0.00s

error: test failed, to rerun pass `--lib`
