$ (cwd=/tmp/asan_pair6_vulnerable_ai73lc47) cargo +nightly test --lib -- --nocapture

   Compiling pair6_vulnerable v0.1.0 (/tmp/asan_pair6_vulnerable_ai73lc47)
    Finished `test` profile [unoptimized + debuginfo] target(s) in 0.20s
     Running unittests src/lib.rs (target/debug/deps/pair6_vulnerable-17fad621274a779c)

running 1 test

thread 'tests::test_recursion_limit' (3492006) panicked at src/lib.rs:68:22:
Expected error due to excess recursion depth
note: run with `RUST_BACKTRACE=1` environment variable to display a backtrace
test tests::test_recursion_limit ... FAILED

failures:

failures:
    tests::test_recursion_limit

test result: FAILED. 0 passed; 1 failed; 0 ignored; 0 measured; 0 filtered out; finished in 0.00s

error: test failed, to rerun pass `--lib`
