$ (cwd=/tmp/asan_pair5_a2_vulnerable_c9d1etti) cargo +nightly test --lib -- --nocapture

   Compiling pair5_a2_vulnerable v0.1.0 (/tmp/asan_pair5_a2_vulnerable_c9d1etti)
    Finished `test` profile [unoptimized + debuginfo] target(s) in 0.23s
     Running unittests src/lib.rs (target/debug/deps/pair5_a2_vulnerable-db731dfb4565aecd)

running 1 test

thread 'tests::test_overflow' (3975087) panicked at src/lib.rs:57:9:
Expected an overflow error, but got Ok(705032704)
note: run with `RUST_BACKTRACE=1` environment variable to display a backtrace
test tests::test_overflow ... FAILED

failures:

failures:
    tests::test_overflow

test result: FAILED. 0 passed; 1 failed; 0 ignored; 0 measured; 0 filtered out; finished in 0.00s

error: test failed, to rerun pass `--lib`
