$ (cwd=/tmp/asan_pair10_a1_vulnerable_iefq1x9f) cargo +nightly test --lib -- --nocapture

   Compiling pair10_a1_vulnerable v0.1.0 (/tmp/asan_pair10_a1_vulnerable_iefq1x9f)
    Finished `test` profile [unoptimized + debuginfo] target(s) in 0.19s
     Running unittests src/lib.rs (target/debug/deps/pair10_a1_vulnerable-60467787a65c9772)

running 1 test

thread 'tests::oracle_test' (3814433) panicked at src/lib.rs:35:9:
assertion `left == right` failed: Computed total should be limited to the valid data length
  left: 155
 right: 150
note: run with `RUST_BACKTRACE=1` environment variable to display a backtrace
test tests::oracle_test ... FAILED

failures:

failures:
    tests::oracle_test

test result: FAILED. 0 passed; 1 failed; 0 ignored; 0 measured; 0 filtered out; finished in 0.00s

error: test failed, to rerun pass `--lib`
