$ (cwd=/tmp/asan_pair11_a2_vulnerable_xl9gmtt3) cargo +nightly test --lib -- --nocapture

   Compiling pair11_a2_vulnerable v0.1.0 (/tmp/asan_pair11_a2_vulnerable_xl9gmtt3)
    Finished `test` profile [unoptimized + debuginfo] target(s) in 0.19s
     Running unittests src/lib.rs (target/debug/deps/pair11_a2_vulnerable-9b1b753f26f9c656)

running 1 test

thread 'tests::check_buffer_bounds' (3987852) panicked at src/lib.rs:79:9:
assertion `left == right` failed: Sentinel value corrupted due to buffer overflow
  left: 16843009
 right: 3735928559
note: run with `RUST_BACKTRACE=1` environment variable to display a backtrace
test tests::check_buffer_bounds ... FAILED

failures:

failures:
    tests::check_buffer_bounds

test result: FAILED. 0 passed; 1 failed; 0 ignored; 0 measured; 0 filtered out; finished in 0.00s

error: test failed, to rerun pass `--lib`
