$ (cwd=/tmp/asan_pair9_a3_vulnerable_woifc3kz) cargo +nightly test --lib -- --nocapture

   Compiling pair9_a3_vulnerable v0.1.0 (/tmp/asan_pair9_a3_vulnerable_woifc3kz)
    Finished `test` profile [unoptimized + debuginfo] target(s) in 0.20s
     Running unittests src/lib.rs (target/debug/deps/pair9_a3_vulnerable-d26d9e89b14881cf)

running 1 test

thread 'tests::deep_nesting_oracle' (4192094) panicked at src/lib.rs:74:28:
Expected error due to deep recursion, but got value: 1501
note: run with `RUST_BACKTRACE=1` environment variable to display a backtrace
test tests::deep_nesting_oracle ... FAILED

failures:

failures:
    tests::deep_nesting_oracle

test result: FAILED. 0 passed; 1 failed; 0 ignored; 0 measured; 0 filtered out; finished in 0.00s

error: test failed, to rerun pass `--lib`
