$ (cwd=/tmp/asan_pair8_a3_vulnerable_zsht4xt4) cargo +nightly test --lib -- --nocapture

   Compiling pair8_a3_vulnerable v0.1.0 (/tmp/asan_pair8_a3_vulnerable_zsht4xt4)
    Finished `test` profile [unoptimized + debuginfo] target(s) in 0.19s
     Running unittests src/lib.rs (target/debug/deps/pair8_a3_vulnerable-42c8a2750bfc9449)

running 1 test

thread 'tests::test_trailing_zero' (4161732) panicked at src/lib.rs:38:9:
assertion `left == right` failed: The trailing element should be 0
  left: 111
 right: 0
note: run with `RUST_BACKTRACE=1` environment variable to display a backtrace
test tests::test_trailing_zero ... FAILED

failures:

failures:
    tests::test_trailing_zero

test result: FAILED. 0 passed; 1 failed; 0 ignored; 0 measured; 0 filtered out; finished in 0.00s

error: test failed, to rerun pass `--lib`
