$ (cwd=/tmp/asan_pair2_a3_vulnerable_0cs5l8y6) cargo +nightly test --lib -- --nocapture

   Compiling pair2_a3_vulnerable v0.1.0 (/tmp/asan_pair2_a3_vulnerable_0cs5l8y6)
    Finished `test` profile [unoptimized + debuginfo] target(s) in 0.26s
     Running unittests src/lib.rs (target/debug/deps/pair2_a3_vulnerable-54b46e9a7df646a8)

running 1 test

thread 'tests::test_computation' (4175847) panicked at src/lib.rs:47:14:
Failed to execute process: Os { code: 2, kind: NotFound, message: "No such file or directory" }
note: run with `RUST_BACKTRACE=1` environment variable to display a backtrace
test tests::test_computation ... FAILED

failures:

failures:
    tests::test_computation

test result: FAILED. 0 passed; 1 failed; 0 ignored; 0 measured; 0 filtered out; finished in 0.00s

error: test failed, to rerun pass `--lib`
