$ (cwd=/tmp/asan_pair2_a2_vulnerable_8ud3mjl3) cargo +nightly test --lib -- --nocapture

   Compiling pair2_a2_vulnerable v0.1.0 (/tmp/asan_pair2_a2_vulnerable_8ud3mjl3)
    Finished `test` profile [unoptimized + debuginfo] target(s) in 0.20s
     Running unittests src/lib.rs (target/debug/deps/pair2_a2_vulnerable-ff8c9405f2acb452)

running 1 test

thread 'tests::test_recursion_limit' (4022911) panicked at src/lib.rs:82:21:
Expected error due to recursion depth, but got a valid AST
note: run with `RUST_BACKTRACE=1` environment variable to display a backtrace
test tests::test_recursion_limit ... FAILED

failures:

failures:
    tests::test_recursion_limit

test result: FAILED. 0 passed; 1 failed; 0 ignored; 0 measured; 0 filtered out; finished in 0.01s

error: test failed, to rerun pass `--lib`
