$ (cwd=/tmp/asan_pair10_a2_vulnerable_f_e6128n) cargo +nightly test --lib -- --nocapture

   Compiling pair10_a2_vulnerable v0.1.0 (/tmp/asan_pair10_a2_vulnerable_f_e6128n)
    Finished `test` profile [unoptimized + debuginfo] target(s) in 0.19s
     Running unittests src/lib.rs (target/debug/deps/pair10_a2_vulnerable-35f3f99edcf3b6f6)

running 1 test

thread 'tests::contract_test' (3982403) panicked at src/lib.rs:55:9:
Expected panic on invalid index, but the call did not panic.
note: run with `RUST_BACKTRACE=1` environment variable to display a backtrace
test tests::contract_test ... FAILED

failures:

failures:
    tests::contract_test

test result: FAILED. 0 passed; 1 failed; 0 ignored; 0 measured; 0 filtered out; finished in 0.00s

error: test failed, to rerun pass `--lib`
