$ (cwd=/tmp/asan_pair8_vulnerable_i8h4diy1) cargo +nightly test --lib -- --nocapture

   Compiling pair8_vulnerable v0.1.0 (/tmp/asan_pair8_vulnerable_i8h4diy1)
    Finished `test` profile [unoptimized + debuginfo] target(s) in 0.24s
     Running unittests src/lib.rs (target/debug/deps/pair8_vulnerable-23975e7199656611)

running 1 test

thread 'tests::check_subtraction_underflow' (3465718) panicked at src/lib.rs:56:24:
Test failed: Expected an error due to underflow, but got value 4294967295
note: run with `RUST_BACKTRACE=1` environment variable to display a backtrace
test tests::check_subtraction_underflow ... FAILED

failures:

failures:
    tests::check_subtraction_underflow

test result: FAILED. 0 passed; 1 failed; 0 ignored; 0 measured; 0 filtered out; finished in 0.00s

error: test failed, to rerun pass `--lib`
