$ (cwd=/tmp/asan_pair19_a2_vulnerable_ltr1cnz8) cargo +nightly test --lib -- --nocapture

   Compiling pair19_a2_vulnerable v0.1.0 (/tmp/asan_pair19_a2_vulnerable_ltr1cnz8)
    Finished `test` profile [unoptimized + debuginfo] target(s) in 0.24s
     Running unittests src/lib.rs (target/debug/deps/pair19_a2_vulnerable-79207584239c7d9a)

running 1 test

thread 'tests::counter_oracle' (4098195) panicked at src/lib.rs:59:9:
assertion `left == right` failed: Final counter did not reach the expected 10000 due to a race condition
  left: 0
 right: 10000
note: run with `RUST_BACKTRACE=1` environment variable to display a backtrace
test tests::counter_oracle ... FAILED

failures:

failures:
    tests::counter_oracle

test result: FAILED. 0 passed; 1 failed; 0 ignored; 0 measured; 0 filtered out; finished in 0.00s

error: test failed, to rerun pass `--lib`
