$ (cwd=/tmp/asan_pair11_vulnerable_v1nz0mzt) cargo +nightly test --lib -- --nocapture

   Compiling pair11_vulnerable v0.1.0 (/tmp/asan_pair11_vulnerable_v1nz0mzt)
    Finished `test` profile [unoptimized + debuginfo] target(s) in 0.20s
     Running unittests src/lib.rs (target/debug/deps/pair11_vulnerable-12d856b102efa892)

running 1 test

thread 'tests::recursion_limit_test' (3488382) panicked at src/lib.rs:63:17:
assertion `left == right` failed: Expected error due to maximum recursion depth being exceeded
  left: Ok(0)
 right: Err("Maximum recursion depth exceeded")
note: run with `RUST_BACKTRACE=1` environment variable to display a backtrace
test tests::recursion_limit_test ... FAILED

failures:

failures:
    tests::recursion_limit_test

test result: FAILED. 0 passed; 1 failed; 0 ignored; 0 measured; 0 filtered out; finished in 0.00s

error: test failed, to rerun pass `--lib`
