$ (cwd=/tmp/asan_pair4_a1_vulnerable_7lrceall) cargo +nightly test --lib -- --nocapture

   Compiling pair4_a1_vulnerable v0.1.0 (/tmp/asan_pair4_a1_vulnerable_7lrceall)
    Finished `test` profile [unoptimized + debuginfo] target(s) in 0.26s
     Running unittests src/lib.rs (target/debug/deps/pair4_a1_vulnerable-ee33d34a8cd7a580)

running 1 test
Error storing value: Index out of bounds

thread 'tests::oracle_test' (3830832) panicked at src/lib.rs:101:9:
assertion `left == right` failed: Oracle check failed: total is not equal to 100
  left: 0
 right: 100
note: run with `RUST_BACKTRACE=1` environment variable to display a backtrace
test tests::oracle_test ... FAILED

failures:

failures:
    tests::oracle_test

test result: FAILED. 0 passed; 1 failed; 0 ignored; 0 measured; 0 filtered out; finished in 0.00s

error: test failed, to rerun pass `--lib`
