$ (cwd=/tmp/asan_pair10_vulnerable_3fxedeq3) cargo +nightly test --lib -- --nocapture

   Compiling pair10_vulnerable v0.1.0 (/tmp/asan_pair10_vulnerable_3fxedeq3)
    Finished `test` profile [unoptimized + debuginfo] target(s) in 0.25s
     Running unittests src/lib.rs (target/debug/deps/pair10_vulnerable-9f57affcbe837700)

running 1 test

thread '<unnamed>' (3458597) panicked at src/lib.rs:14:19:
attempt to multiply with overflow
note: run with `RUST_BACKTRACE=1` environment variable to display a backtrace

thread 'tests::test_oracle' (3458596) panicked at src/lib.rs:32:32:
called `Result::unwrap()` on an `Err` value: Any { .. }
test tests::test_oracle ... FAILED

failures:

failures:
    tests::test_oracle

test result: FAILED. 0 passed; 1 failed; 0 ignored; 0 measured; 0 filtered out; finished in 0.00s

error: test failed, to rerun pass `--lib`
