$ (cwd=/tmp/asan_pair20_a2_vulnerable_ms_eazat) cargo +nightly test --lib -- --nocapture

   Compiling pair20_a2_vulnerable v0.1.0 (/tmp/asan_pair20_a2_vulnerable_ms_eazat)
    Finished `test` profile [unoptimized + debuginfo] target(s) in 0.25s
     Running unittests src/lib.rs (target/debug/deps/pair20_a2_vulnerable-a6fcbb44b010762b)

running 1 test

thread 'tests::test_oracle' (4001916) panicked at src/lib.rs:69:9:
assertion `left == right` failed: Final balance should remain 5 after valid operations
  left: 4294967281
 right: 5
note: run with `RUST_BACKTRACE=1` environment variable to display a backtrace
test tests::test_oracle ... FAILED

failures:

failures:
    tests::test_oracle

test result: FAILED. 0 passed; 1 failed; 0 ignored; 0 measured; 0 filtered out; finished in 0.00s

error: test failed, to rerun pass `--lib`
