$ (cwd=/tmp/asan_pair7_a1_vulnerable_3ga07jrp) cargo +nightly test --lib -- --nocapture

   Compiling pair7_a1_vulnerable v0.1.0 (/tmp/asan_pair7_a1_vulnerable_3ga07jrp)
    Finished `test` profile [unoptimized + debuginfo] target(s) in 0.23s
     Running unittests src/lib.rs (target/debug/deps/pair7_a1_vulnerable-05f9bea612968f00)

running 1 test

thread 'tests::oracle_test' (3827739) panicked at src/lib.rs:74:17:
assertion `left == right` failed: Expected maximum depth error
  left: "Mismatched parentheses"
 right: "Maximum recursion depth exceeded"
note: run with `RUST_BACKTRACE=1` environment variable to display a backtrace
test tests::oracle_test ... FAILED

failures:

failures:
    tests::oracle_test

test result: FAILED. 0 passed; 1 failed; 0 ignored; 0 measured; 0 filtered out; finished in 0.63s

error: test failed, to rerun pass `--lib`
