$ (cwd=/tmp/asan_pair15_a3_vulnerable_8p_c5yi2) cargo +nightly test --lib -- --nocapture

   Compiling pair15_a3_vulnerable v0.1.0 (/tmp/asan_pair15_a3_vulnerable_8p_c5yi2)
    Finished `test` profile [unoptimized + debuginfo] target(s) in 0.18s
     Running unittests src/lib.rs (target/debug/deps/pair15_a3_vulnerable-b28bb099dabc0f29)

running 1 test

thread 'tests::oracle' (38613) panicked at src/lib.rs:49:9:
Test failed: An incomplete token was incorrectly accepted
note: run with `RUST_BACKTRACE=1` environment variable to display a backtrace
test tests::oracle ... FAILED

failures:

failures:
    tests::oracle

test result: FAILED. 0 passed; 1 failed; 0 ignored; 0 measured; 0 filtered out; finished in 0.00s

error: test failed, to rerun pass `--lib`
