$ (cwd=/tmp/asan_pair20_vulnerable_bcqdeggs) cargo +nightly test --lib -- --nocapture

   Compiling pair20_vulnerable v0.1.0 (/tmp/asan_pair20_vulnerable_bcqdeggs)
    Finished `test` profile [unoptimized + debuginfo] target(s) in 0.27s
     Running unittests src/lib.rs (target/debug/deps/pair20_vulnerable-80b283470cc85e92)

running 1 test
Number of successful accesses: 10

thread 'tests::test_oracle' (3512796) panicked at src/lib.rs:55:9:
assertion `left == right` failed: Race condition detected: expected exactly one successful access, but got 10.
  left: 10
 right: 1
note: run with `RUST_BACKTRACE=1` environment variable to display a backtrace
test tests::test_oracle ... FAILED

failures:

failures:
    tests::test_oracle

test result: FAILED. 0 passed; 1 failed; 0 ignored; 0 measured; 0 filtered out; finished in 0.00s

error: test failed, to rerun pass `--lib`
